INFO 2024-11-01 10:34:29,797 autoreload Watching for file changes with StatReloader
INFO 2024-11-01 10:42:07,907 basehttp "POST /api/token HTTP/1.1" 200 582
INFO 2024-11-01 10:43:16,286 basehttp "OPTIONS /accounts/userdata HTTP/1.1" 200 0
INFO 2024-11-01 10:43:16,328 basehttp "OPTIONS /api/v1/conversations/ HTTP/1.1" 200 0
WARNING 2024-11-01 10:43:16,463 basehttp "GET /accounts/userdata HTTP/1.1" 404 3345
INFO 2024-11-01 10:43:16,473 basehttp "GET /api/v1/conversations/ HTTP/1.1" 200 2
INFO 2024-11-01 10:43:32,288 basehttp "GET /api/v1/conversations/ HTTP/1.1" 200 2
WARNING 2024-11-01 10:43:32,293 basehttp "GET /accounts/userdata HTTP/1.1" 404 3345
INFO 2024-11-01 10:43:48,428 basehttp "GET /api/v1/conversations/ HTTP/1.1" 200 2
WARNING 2024-11-01 10:43:48,430 basehttp "GET /accounts/userdata HTTP/1.1" 404 3345
INFO 2024-11-01 10:43:56,823 basehttp "GET /api/v1/conversations/ HTTP/1.1" 200 2
WARNING 2024-11-01 10:43:56,828 basehttp "GET /accounts/userdata HTTP/1.1" 404 3345
INFO 2024-11-01 10:43:58,608 basehttp "GET /api/v1/conversations/ HTTP/1.1" 200 2
WARNING 2024-11-01 10:43:58,611 basehttp "GET /accounts/userdata HTTP/1.1" 404 3345
WARNING 2024-11-01 10:44:34,493 basehttp "GET /accounts/userdata HTTP/1.1" 404 3345
INFO 2024-11-01 10:44:36,828 basehttp "GET /api/v1/conversations/ HTTP/1.1" 200 2
WARNING 2024-11-01 10:44:36,830 basehttp "GET /accounts/userdata HTTP/1.1" 404 3345
INFO 2024-11-01 10:44:47,254 basehttp "GET /api/v1/conversations/ HTTP/1.1" 200 2
WARNING 2024-11-01 10:44:47,255 basehttp "GET /accounts/userdata HTTP/1.1" 404 3345
INFO 2024-11-01 10:44:54,502 basehttp "GET /api/v1/conversations/ HTTP/1.1" 200 2
WARNING 2024-11-01 10:44:54,505 basehttp "GET /accounts/userdata HTTP/1.1" 404 3345
INFO 2024-11-01 10:45:17,123 basehttp "GET /api/v1/conversations/ HTTP/1.1" 200 2
WARNING 2024-11-01 10:45:17,124 basehttp "GET /accounts/userdata HTTP/1.1" 404 3345
INFO 2024-11-01 10:45:21,940 basehttp "GET /api/v1/conversations/ HTTP/1.1" 200 2
WARNING 2024-11-01 10:45:21,942 basehttp "GET /accounts/userdata HTTP/1.1" 404 3345
INFO 2024-11-01 10:45:25,011 basehttp "GET /api/v1/conversations/ HTTP/1.1" 200 2
WARNING 2024-11-01 10:45:25,015 basehttp "GET /accounts/userdata HTTP/1.1" 404 3345
INFO 2024-11-01 10:45:28,640 basehttp "GET /api/v1/conversations/ HTTP/1.1" 200 2
WARNING 2024-11-01 10:45:28,645 basehttp "GET /accounts/userdata HTTP/1.1" 404 3345
INFO 2024-11-01 10:45:39,075 basehttp "GET /api/v1/conversations/ HTTP/1.1" 200 2
WARNING 2024-11-01 10:45:39,076 basehttp "GET /accounts/userdata HTTP/1.1" 404 3345
INFO 2024-11-01 10:45:40,389 basehttp "GET /api/v1/conversations/ HTTP/1.1" 200 2
WARNING 2024-11-01 10:45:40,390 basehttp "GET /accounts/userdata HTTP/1.1" 404 3345
INFO 2024-11-01 10:45:44,024 basehttp "GET /api/v1/conversations/ HTTP/1.1" 200 2
WARNING 2024-11-01 10:45:44,025 basehttp "GET /accounts/userdata HTTP/1.1" 404 3345
INFO 2024-11-01 10:45:45,895 basehttp "GET /api/v1/conversations/ HTTP/1.1" 200 2
WARNING 2024-11-01 10:45:45,899 basehttp "GET /accounts/userdata HTTP/1.1" 404 3345
INFO 2024-11-01 10:45:47,883 basehttp "GET /api/v1/conversations/ HTTP/1.1" 200 2
WARNING 2024-11-01 10:45:47,884 basehttp "GET /accounts/userdata HTTP/1.1" 404 3345
INFO 2024-11-01 10:45:55,526 basehttp "GET /api/v1/conversations/ HTTP/1.1" 200 2
WARNING 2024-11-01 10:45:55,528 basehttp "GET /accounts/userdata HTTP/1.1" 404 3345
INFO 2024-11-01 10:46:35,003 basehttp "GET /admin/ HTTP/1.1" 302 0
INFO 2024-11-01 10:46:35,062 basehttp "GET /admin/login/?next=/admin/ HTTP/1.1" 200 4158
INFO 2024-11-01 10:46:35,309 basehttp "GET /static/admin/css/login.css HTTP/1.1" 200 958
INFO 2024-11-01 10:46:39,906 basehttp "POST /admin/login/?next=/admin/ HTTP/1.1" 302 0
INFO 2024-11-01 10:46:39,937 basehttp "GET /admin/ HTTP/1.1" 200 5798
INFO 2024-11-01 10:46:41,577 basehttp "GET /admin/api/conversation/ HTTP/1.1" 200 7192
INFO 2024-11-01 10:46:41,758 basehttp "GET /static/admin/css/changelists.css HTTP/1.1" 200 6811
INFO 2024-11-01 10:46:41,766 basehttp "GET /static/admin/js/actions.js HTTP/1.1" 200 8067
INFO 2024-11-01 10:46:41,773 basehttp "GET /admin/jsi18n/ HTTP/1.1" 200 3342
INFO 2024-11-01 10:46:41,780 basehttp "GET /static/admin/js/urlify.js HTTP/1.1" 200 7887
INFO 2024-11-01 10:46:41,790 basehttp "GET /static/admin/js/jquery.init.js HTTP/1.1" 200 347
INFO 2024-11-01 10:46:41,796 basehttp "GET /static/admin/js/admin/RelatedObjectLookups.js HTTP/1.1" 200 9042
INFO 2024-11-01 10:46:41,804 basehttp "GET /static/admin/js/vendor/jquery/jquery.js HTTP/1.1" 200 285314
INFO 2024-11-01 10:46:41,805 basehttp "GET /static/admin/js/prepopulate.js HTTP/1.1" 200 1531
INFO 2024-11-01 10:46:41,839 basehttp "GET /static/admin/js/core.js HTTP/1.1" 200 6208
INFO 2024-11-01 10:46:41,845 basehttp "GET /static/admin/js/vendor/xregexp/xregexp.js HTTP/1.1" 200 325171
INFO 2024-11-01 10:46:41,849 basehttp "GET /static/admin/js/filters.js HTTP/1.1" 200 978
INFO 2024-11-01 10:46:41,964 basehttp "GET /static/admin/img/tooltag-add.svg HTTP/1.1" 200 331
INFO 2024-11-01 10:46:43,507 basehttp "GET /admin/api/conversation/add/ HTTP/1.1" 200 10698
INFO 2024-11-01 10:46:43,548 basehttp "GET /admin/jsi18n/ HTTP/1.1" 200 3342
INFO 2024-11-01 10:46:43,550 basehttp "GET /static/admin/js/admin/DateTimeShortcuts.js HTTP/1.1" 200 19319
INFO 2024-11-01 10:46:43,564 basehttp "GET /static/admin/css/forms.css HTTP/1.1" 200 9090
INFO 2024-11-01 10:46:43,565 basehttp "GET /static/admin/js/prepopulate_init.js HTTP/1.1" 200 586
INFO 2024-11-01 10:46:43,566 basehttp "GET /static/admin/js/calendar.js HTTP/1.1" 200 9141
INFO 2024-11-01 10:46:43,612 basehttp "GET /static/admin/js/change_form.js HTTP/1.1" 200 606
INFO 2024-11-01 10:46:43,612 basehttp "GET /static/admin/css/widgets.css HTTP/1.1" 200 11800
INFO 2024-11-01 10:46:43,695 basehttp "GET /static/admin/img/icon-clock.svg HTTP/1.1" 200 677
INFO 2024-11-01 10:46:43,695 basehttp "GET /static/admin/img/icon-calendar.svg HTTP/1.1" 200 1086
INFO 2024-11-01 10:47:39,694 basehttp "POST /admin/api/conversation/add/ HTTP/1.1" 200 10955
INFO 2024-11-01 10:47:39,760 basehttp "GET /admin/jsi18n/ HTTP/1.1" 200 3342
INFO 2024-11-01 10:47:51,036 basehttp "POST /admin/api/conversation/add/ HTTP/1.1" 200 10967
INFO 2024-11-01 10:47:51,074 basehttp "GET /admin/jsi18n/ HTTP/1.1" 200 3342
INFO 2024-11-01 10:47:58,615 basehttp "POST /admin/api/conversation/add/ HTTP/1.1" 302 0
INFO 2024-11-01 10:47:58,927 basehttp "GET /admin/api/conversation/ HTTP/1.1" 200 8809
INFO 2024-11-01 10:47:58,957 basehttp "GET /admin/jsi18n/ HTTP/1.1" 200 3342
INFO 2024-11-01 10:47:58,975 basehttp "GET /static/admin/img/icon-yes.svg HTTP/1.1" 200 436
INFO 2024-11-01 10:48:05,992 basehttp "GET /api/v1/conversations/ HTTP/1.1" 200 89
WARNING 2024-11-01 10:48:05,998 basehttp "GET /accounts/userdata HTTP/1.1" 404 3345
INFO 2024-11-01 10:49:21,789 basehttp "GET /api/v1/conversations/ HTTP/1.1" 200 89
WARNING 2024-11-01 10:49:21,790 basehttp "GET /accounts/userdata HTTP/1.1" 404 3345
INFO 2024-11-01 10:50:04,820 basehttp "OPTIONS /api/v1/conversations/?uuid=00045262-cf81-4f7a-a01c-c0820237f525 HTTP/1.1" 200 0
INFO 2024-11-01 10:50:04,832 basehttp "GET /api/v1/conversations/?uuid=00045262-cf81-4f7a-a01c-c0820237f525 HTTP/1.1" 200 252
INFO 2024-11-01 10:50:07,993 basehttp "GET /api/v1/conversations/ HTTP/1.1" 200 89
WARNING 2024-11-01 10:50:07,993 basehttp "GET /accounts/userdata HTTP/1.1" 404 3345
INFO 2024-11-01 10:50:54,556 basehttp "GET /api/v1/conversations/ HTTP/1.1" 200 89
WARNING 2024-11-01 10:50:54,558 basehttp "GET /accounts/userdata HTTP/1.1" 404 3345
INFO 2024-11-01 10:51:05,990 basehttp "GET /api/v1/conversations/ HTTP/1.1" 200 89
WARNING 2024-11-01 10:51:05,993 basehttp "GET /accounts/userdata HTTP/1.1" 404 3345
INFO 2024-11-01 10:51:08,193 basehttp "GET /api/v1/conversations/ HTTP/1.1" 200 89
WARNING 2024-11-01 10:51:08,196 basehttp "GET /accounts/userdata HTTP/1.1" 404 3345
INFO 2024-11-01 10:51:21,667 basehttp "GET /api/v1/conversations/ HTTP/1.1" 200 89
WARNING 2024-11-01 10:51:21,667 basehttp "GET /accounts/userdata HTTP/1.1" 404 3345
INFO 2024-11-01 10:51:27,177 basehttp "GET /api/v1/conversations/ HTTP/1.1" 200 89
WARNING 2024-11-01 10:51:27,179 basehttp "GET /accounts/userdata HTTP/1.1" 404 3345
INFO 2024-11-01 10:51:31,170 basehttp "GET /api/v1/conversations/ HTTP/1.1" 200 89
WARNING 2024-11-01 10:51:31,172 basehttp "GET /accounts/userdata HTTP/1.1" 404 3345
INFO 2024-11-01 10:51:50,290 basehttp "GET /api/v1/conversations/ HTTP/1.1" 200 89
WARNING 2024-11-01 10:51:50,298 basehttp "GET /accounts/userdata HTTP/1.1" 404 3345
INFO 2024-11-01 10:52:36,069 basehttp "GET /api/v1/conversations/ HTTP/1.1" 200 89
WARNING 2024-11-01 10:52:36,072 basehttp "GET /accounts/userdata HTTP/1.1" 404 3345
INFO 2024-11-01 10:52:59,167 basehttp "GET /api/v1/conversations/ HTTP/1.1" 200 89
WARNING 2024-11-01 10:52:59,169 basehttp "GET /accounts/userdata HTTP/1.1" 404 3345
WARNING 2024-11-01 10:53:00,527 basehttp "GET /accounts/userdata HTTP/1.1" 404 3345
INFO 2024-11-01 10:53:00,527 basehttp "GET /api/v1/conversations/ HTTP/1.1" 200 89
INFO 2024-11-01 10:53:38,884 basehttp "OPTIONS /accounts/userdata/ HTTP/1.1" 200 0
INFO 2024-11-01 10:53:38,887 basehttp "GET /api/v1/conversations/ HTTP/1.1" 200 89
INFO 2024-11-01 10:53:38,994 basehttp "GET /accounts/userdata/ HTTP/1.1" 200 258
INFO 2024-11-01 10:54:08,977 basehttp "POST /api/v1/conversations/ HTTP/1.1" 201 1179
INFO 2024-11-01 10:55:09,930 basehttp "GET /accounts/userdata/ HTTP/1.1" 200 258
INFO 2024-11-01 10:55:09,936 basehttp "GET /api/v1/conversations/ HTTP/1.1" 200 191
INFO 2024-11-01 10:56:18,200 basehttp "GET /accounts/userdata/ HTTP/1.1" 200 258
INFO 2024-11-01 10:56:18,200 basehttp "GET /api/v1/conversations/ HTTP/1.1" 200 191
WARNING 2024-11-01 11:01:59,614 basehttp "POST /api/v1/conversations/ HTTP/1.1" 401 183
WARNING 2024-11-01 11:02:40,517 basehttp "GET /accounts/userdata/ HTTP/1.1" 401 183
WARNING 2024-11-01 11:02:40,517 basehttp "GET /api/v1/conversations/ HTTP/1.1" 401 183
INFO 2024-11-01 11:02:40,557 basehttp "OPTIONS /api/token/refresh HTTP/1.1" 200 0
INFO 2024-11-01 11:02:40,564 basehttp "POST /api/token/refresh HTTP/1.1" 200 290
INFO 2024-11-01 11:02:40,803 basehttp "POST /api/token/refresh HTTP/1.1" 200 290
INFO 2024-11-01 11:02:40,811 basehttp "GET /accounts/userdata/ HTTP/1.1" 200 258
INFO 2024-11-01 11:02:40,834 basehttp "GET /api/v1/conversations/ HTTP/1.1" 200 191
INFO 2024-11-01 11:03:05,817 basehttp "OPTIONS /api/v1/conversations/?uuid=a9794937-30e0-44b8-9936-8e8d093e13bd HTTP/1.1" 200 0
INFO 2024-11-01 11:03:05,828 basehttp "GET /api/v1/conversations/?uuid=a9794937-30e0-44b8-9936-8e8d093e13bd HTTP/1.1" 200 1179
INFO 2024-11-01 11:03:09,008 basehttp "GET /accounts/userdata/ HTTP/1.1" 200 258
INFO 2024-11-01 11:03:09,008 basehttp "GET /api/v1/conversations/ HTTP/1.1" 200 191
INFO 2024-11-01 11:03:23,531 basehttp "GET /accounts/userdata/ HTTP/1.1" 200 258
INFO 2024-11-01 11:03:23,533 basehttp "GET /api/v1/conversations/ HTTP/1.1" 200 191
INFO 2024-11-01 11:03:25,875 basehttp "GET /accounts/userdata/ HTTP/1.1" 200 258
INFO 2024-11-01 11:03:25,876 basehttp "GET /api/v1/conversations/ HTTP/1.1" 200 191
INFO 2024-11-01 11:03:52,253 basehttp "GET /accounts/userdata/ HTTP/1.1" 200 258
INFO 2024-11-01 11:03:52,254 basehttp "GET /api/v1/conversations/ HTTP/1.1" 200 191
INFO 2024-11-01 11:04:24,328 basehttp "GET /accounts/userdata/ HTTP/1.1" 200 258
INFO 2024-11-01 11:04:24,339 basehttp "GET /api/v1/conversations/ HTTP/1.1" 200 191
INFO 2024-11-01 11:04:28,484 basehttp "GET /accounts/userdata/ HTTP/1.1" 200 258
INFO 2024-11-01 11:04:28,486 basehttp "GET /api/v1/conversations/ HTTP/1.1" 200 191
INFO 2024-11-01 11:04:51,065 basehttp "GET /accounts/userdata/ HTTP/1.1" 200 258
INFO 2024-11-01 11:04:51,065 basehttp "GET /api/v1/conversations/ HTTP/1.1" 200 191
INFO 2024-11-01 11:05:14,256 basehttp "GET /accounts/userdata/ HTTP/1.1" 200 258
INFO 2024-11-01 11:05:14,256 basehttp "GET /api/v1/conversations/ HTTP/1.1" 200 191
INFO 2024-11-01 11:06:43,786 basehttp "GET /api/v1/conversations/ HTTP/1.1" 200 191
INFO 2024-11-01 11:06:43,798 basehttp "GET /accounts/userdata/ HTTP/1.1" 200 258
INFO 2024-11-01 11:06:57,375 basehttp "GET /api/v1/conversations/ HTTP/1.1" 200 191
INFO 2024-11-01 11:06:57,375 basehttp "GET /accounts/userdata/ HTTP/1.1" 200 258
INFO 2024-11-01 11:08:10,739 basehttp "GET /accounts/userdata/ HTTP/1.1" 200 258
INFO 2024-11-01 11:08:10,747 basehttp "GET /api/v1/conversations/ HTTP/1.1" 200 191
INFO 2024-11-01 11:08:50,057 basehttp "GET /accounts/userdata/ HTTP/1.1" 200 258
INFO 2024-11-01 11:08:50,057 basehttp "GET /api/v1/conversations/ HTTP/1.1" 200 191
INFO 2024-11-01 11:09:14,922 basehttp "GET /accounts/userdata/ HTTP/1.1" 200 258
INFO 2024-11-01 11:09:14,922 basehttp "GET /api/v1/conversations/ HTTP/1.1" 200 191
INFO 2024-11-01 11:09:44,717 basehttp "GET /api/v1/conversations/ HTTP/1.1" 200 191
INFO 2024-11-01 11:09:44,717 basehttp "GET /accounts/userdata/ HTTP/1.1" 200 258
INFO 2024-11-01 11:09:49,038 basehttp "GET /api/v1/conversations/ HTTP/1.1" 200 191
INFO 2024-11-01 11:09:49,038 basehttp "GET /accounts/userdata/ HTTP/1.1" 200 258
INFO 2024-11-01 11:10:41,676 basehttp "GET /accounts/userdata/ HTTP/1.1" 200 258
INFO 2024-11-01 11:10:41,676 basehttp "GET /api/v1/conversations/ HTTP/1.1" 200 191
INFO 2024-11-01 11:11:29,851 basehttp "GET /accounts/userdata/ HTTP/1.1" 200 258
INFO 2024-11-01 11:11:29,854 basehttp "GET /api/v1/conversations/ HTTP/1.1" 200 191
INFO 2024-11-01 11:12:11,102 basehttp "GET /api/v1/conversations/ HTTP/1.1" 200 191
INFO 2024-11-01 11:12:11,104 basehttp "GET /accounts/userdata/ HTTP/1.1" 200 258
INFO 2024-11-01 11:12:22,242 basehttp "POST /api/v1/conversations/ HTTP/1.1" 201 385
INFO 2024-11-01 11:14:54,991 basehttp "GET /accounts/userdata/ HTTP/1.1" 200 258
INFO 2024-11-01 11:14:54,991 basehttp "GET /api/v1/conversations/ HTTP/1.1" 200 293
INFO 2024-11-01 11:15:19,793 basehttp "POST /api/v1/conversations/ HTTP/1.1" 201 445
INFO 2024-11-01 11:15:48,824 basehttp "GET /accounts/userdata/ HTTP/1.1" 200 258
INFO 2024-11-01 11:15:48,824 basehttp "GET /api/v1/conversations/ HTTP/1.1" 200 398
WARNING 2024-11-01 11:17:50,972 basehttp "GET /api/v1/conversations/ HTTP/1.1" 401 183
WARNING 2024-11-01 11:17:50,973 basehttp "GET /accounts/userdata/ HTTP/1.1" 401 183
INFO 2024-11-01 11:17:51,281 basehttp "POST /api/token/refresh HTTP/1.1" 200 290
INFO 2024-11-01 11:17:51,281 basehttp "POST /api/token/refresh HTTP/1.1" 200 290
INFO 2024-11-01 11:17:51,312 basehttp "GET /accounts/userdata/ HTTP/1.1" 200 258
INFO 2024-11-01 11:17:51,312 basehttp "GET /api/v1/conversations/ HTTP/1.1" 200 398
INFO 2024-11-01 11:18:09,555 basehttp "OPTIONS /api/v1/conversations/?uuid=02ebb0c7-6176-4e75-ad85-2c4ca94393a3 HTTP/1.1" 200 0
INFO 2024-11-01 11:18:09,555 basehttp "GET /api/v1/conversations/?uuid=02ebb0c7-6176-4e75-ad85-2c4ca94393a3 HTTP/1.1" 200 385
INFO 2024-11-01 11:18:11,380 basehttp "GET /api/v1/conversations/?uuid=a9794937-30e0-44b8-9936-8e8d093e13bd HTTP/1.1" 200 1179
INFO 2024-11-01 11:18:12,472 basehttp "OPTIONS /api/v1/conversations/?uuid=db7fc3ea-cb9e-44d3-8a57-3d3b6b091226 HTTP/1.1" 200 0
INFO 2024-11-01 11:18:12,483 basehttp "GET /api/v1/conversations/?uuid=db7fc3ea-cb9e-44d3-8a57-3d3b6b091226 HTTP/1.1" 200 445
INFO 2024-11-01 11:18:52,714 basehttp "GET /accounts/userdata/ HTTP/1.1" 200 258
INFO 2024-11-01 11:18:52,739 basehttp "GET /api/v1/conversations/ HTTP/1.1" 200 398
INFO 2024-11-01 11:20:33,732 basehttp "GET /accounts/userdata/ HTTP/1.1" 200 258
INFO 2024-11-01 11:20:33,738 basehttp "GET /api/v1/conversations/ HTTP/1.1" 200 398
INFO 2024-11-01 11:20:44,274 basehttp "GET /accounts/userdata/ HTTP/1.1" 200 258
INFO 2024-11-01 11:20:44,276 basehttp "GET /api/v1/conversations/ HTTP/1.1" 200 398
INFO 2024-11-01 11:21:55,217 basehttp "GET /accounts/userdata/ HTTP/1.1" 200 258
INFO 2024-11-01 11:21:55,272 basehttp "GET /api/v1/conversations/ HTTP/1.1" 200 398
INFO 2024-11-01 11:24:28,897 basehttp "GET /accounts/userdata/ HTTP/1.1" 200 258
INFO 2024-11-01 11:24:28,897 basehttp "GET /api/v1/conversations/ HTTP/1.1" 200 398
INFO 2024-11-01 11:24:37,937 basehttp "GET /accounts/userdata/ HTTP/1.1" 200 258
INFO 2024-11-01 11:24:37,937 basehttp "GET /api/v1/conversations/ HTTP/1.1" 200 398
INFO 2024-11-01 11:25:13,854 basehttp "GET /accounts/userdata/ HTTP/1.1" 200 258
INFO 2024-11-01 11:25:13,856 basehttp "GET /api/v1/conversations/ HTTP/1.1" 200 398
INFO 2024-11-01 11:25:26,784 basehttp "GET /accounts/userdata/ HTTP/1.1" 200 258
INFO 2024-11-01 11:25:26,785 basehttp "GET /api/v1/conversations/ HTTP/1.1" 200 398
INFO 2024-11-01 11:25:54,336 basehttp "GET /accounts/userdata/ HTTP/1.1" 200 258
INFO 2024-11-01 11:25:54,337 basehttp "GET /api/v1/conversations/ HTTP/1.1" 200 398
INFO 2024-11-01 11:26:27,774 basehttp "GET /accounts/userdata/ HTTP/1.1" 200 258
INFO 2024-11-01 11:26:27,783 basehttp "GET /api/v1/conversations/ HTTP/1.1" 200 398
INFO 2024-11-01 11:27:16,456 basehttp "GET /accounts/userdata/ HTTP/1.1" 200 258
INFO 2024-11-01 11:27:16,458 basehttp "GET /api/v1/conversations/ HTTP/1.1" 200 398
INFO 2024-11-01 11:28:03,612 basehttp "GET /accounts/userdata/ HTTP/1.1" 200 258
INFO 2024-11-01 11:28:03,613 basehttp "GET /api/v1/conversations/ HTTP/1.1" 200 398
INFO 2024-11-01 11:28:20,996 basehttp "GET /accounts/userdata/ HTTP/1.1" 200 258
INFO 2024-11-01 11:28:20,998 basehttp "GET /api/v1/conversations/ HTTP/1.1" 200 398
INFO 2024-11-01 11:28:37,607 basehttp "GET /accounts/userdata/ HTTP/1.1" 200 258
INFO 2024-11-01 11:28:37,608 basehttp "GET /api/v1/conversations/ HTTP/1.1" 200 398
INFO 2024-11-01 11:28:49,783 basehttp "GET /api/v1/conversations/?uuid=db7fc3ea-cb9e-44d3-8a57-3d3b6b091226 HTTP/1.1" 200 445
INFO 2024-11-01 11:28:52,349 basehttp "GET /accounts/userdata/ HTTP/1.1" 200 258
INFO 2024-11-01 11:28:52,349 basehttp "GET /api/v1/conversations/ HTTP/1.1" 200 398
INFO 2024-11-01 11:29:03,143 basehttp "GET /accounts/userdata/ HTTP/1.1" 200 258
INFO 2024-11-01 11:29:03,144 basehttp "GET /api/v1/conversations/ HTTP/1.1" 200 398
INFO 2024-11-01 11:29:50,656 basehttp "GET /accounts/userdata/ HTTP/1.1" 200 258
INFO 2024-11-01 11:29:50,656 basehttp "GET /api/v1/conversations/ HTTP/1.1" 200 398
INFO 2024-11-01 11:29:51,814 basehttp "GET /accounts/userdata/ HTTP/1.1" 200 258
INFO 2024-11-01 11:29:51,818 basehttp "GET /api/v1/conversations/ HTTP/1.1" 200 398
INFO 2024-11-01 11:30:13,251 basehttp "GET /accounts/userdata/ HTTP/1.1" 200 258
INFO 2024-11-01 11:30:13,263 basehttp "GET /api/v1/conversations/ HTTP/1.1" 200 398
INFO 2024-11-01 11:30:20,274 basehttp "POST /api/token HTTP/1.1" 200 582
INFO 2024-11-01 11:30:20,295 basehttp "GET /accounts/userdata/ HTTP/1.1" 200 258
INFO 2024-11-01 11:30:20,298 basehttp "GET /api/v1/conversations/ HTTP/1.1" 200 398
INFO 2024-11-01 11:30:22,130 basehttp "GET /accounts/userdata/ HTTP/1.1" 200 258
INFO 2024-11-01 11:30:22,131 basehttp "GET /api/v1/conversations/ HTTP/1.1" 200 398
INFO 2024-11-01 11:30:24,235 basehttp "GET /accounts/userdata/ HTTP/1.1" 200 258
INFO 2024-11-01 11:30:24,235 basehttp "GET /api/v1/conversations/ HTTP/1.1" 200 398
INFO 2024-11-01 11:30:37,554 basehttp "GET /accounts/userdata/ HTTP/1.1" 200 258
INFO 2024-11-01 11:30:37,555 basehttp "GET /api/v1/conversations/ HTTP/1.1" 200 398
INFO 2024-11-01 11:30:43,021 basehttp "GET /accounts/userdata/ HTTP/1.1" 200 258
INFO 2024-11-01 11:30:43,023 basehttp "GET /api/v1/conversations/ HTTP/1.1" 200 398
INFO 2024-11-01 11:30:57,685 basehttp "GET /api/v1/conversations/ HTTP/1.1" 200 398
INFO 2024-11-01 11:30:57,685 basehttp "GET /accounts/userdata/ HTTP/1.1" 200 258
INFO 2024-11-01 11:31:32,810 basehttp "GET /accounts/userdata/ HTTP/1.1" 200 258
INFO 2024-11-01 11:31:32,812 basehttp "GET /api/v1/conversations/ HTTP/1.1" 200 398
INFO 2024-11-01 11:31:46,994 basehttp "GET /accounts/userdata/ HTTP/1.1" 200 258
INFO 2024-11-01 11:31:46,994 basehttp "GET /api/v1/conversations/ HTTP/1.1" 200 398
INFO 2024-11-01 11:31:54,308 basehttp "GET /accounts/userdata/ HTTP/1.1" 200 258
INFO 2024-11-01 11:31:54,308 basehttp "GET /api/v1/conversations/ HTTP/1.1" 200 398
INFO 2024-11-01 11:32:02,115 basehttp "GET /accounts/userdata/ HTTP/1.1" 200 258
INFO 2024-11-01 11:32:02,121 basehttp "GET /api/v1/conversations/ HTTP/1.1" 200 398
INFO 2024-11-01 11:32:04,771 basehttp "GET /api/v1/conversations/?uuid=db7fc3ea-cb9e-44d3-8a57-3d3b6b091226 HTTP/1.1" 200 445
INFO 2024-11-01 11:32:10,304 basehttp "GET /accounts/userdata/ HTTP/1.1" 200 258
INFO 2024-11-01 11:32:10,304 basehttp "GET /api/v1/conversations/ HTTP/1.1" 200 398
INFO 2024-11-01 11:32:13,257 basehttp "GET /accounts/userdata/ HTTP/1.1" 200 258
INFO 2024-11-01 11:32:13,262 basehttp "GET /api/v1/conversations/ HTTP/1.1" 200 398
INFO 2024-11-01 11:32:34,264 basehttp "GET /api/v1/conversations/?uuid=db7fc3ea-cb9e-44d3-8a57-3d3b6b091226 HTTP/1.1" 200 445
INFO 2024-11-01 11:32:35,478 basehttp "GET /accounts/userdata/ HTTP/1.1" 200 258
INFO 2024-11-01 11:32:35,478 basehttp "GET /api/v1/conversations/ HTTP/1.1" 200 398
INFO 2024-11-01 11:32:36,361 basehttp "GET /api/v1/conversations/?uuid=02ebb0c7-6176-4e75-ad85-2c4ca94393a3 HTTP/1.1" 200 385
INFO 2024-11-01 11:32:53,423 basehttp "GET /accounts/userdata/ HTTP/1.1" 200 258
INFO 2024-11-01 11:32:53,424 basehttp "GET /api/v1/conversations/ HTTP/1.1" 200 398
INFO 2024-11-01 11:33:35,937 basehttp "GET /api/v1/conversations/ HTTP/1.1" 200 398
INFO 2024-11-01 11:33:35,937 basehttp "GET /accounts/userdata/ HTTP/1.1" 200 258
INFO 2024-11-01 11:33:52,496 basehttp "GET /accounts/userdata/ HTTP/1.1" 200 258
INFO 2024-11-01 11:33:52,497 basehttp "GET /api/v1/conversations/ HTTP/1.1" 200 398
INFO 2024-11-01 11:35:30,905 basehttp "GET /api/v1/conversations/ HTTP/1.1" 200 398
INFO 2024-11-01 11:35:30,920 basehttp "GET /accounts/userdata/ HTTP/1.1" 200 258
INFO 2024-11-01 11:35:54,562 basehttp "GET /accounts/userdata/ HTTP/1.1" 200 258
INFO 2024-11-01 11:35:54,563 basehttp "GET /api/v1/conversations/ HTTP/1.1" 200 398
INFO 2024-11-01 11:36:32,624 basehttp "GET /api/v1/conversations/?uuid=db7fc3ea-cb9e-44d3-8a57-3d3b6b091226 HTTP/1.1" 200 445
INFO 2024-11-01 11:36:55,050 basehttp "POST /api/v1/conversations/ HTTP/1.1" 201 305
INFO 2024-11-01 11:37:20,941 basehttp "GET /accounts/userdata/ HTTP/1.1" 200 258
INFO 2024-11-01 11:37:20,941 basehttp "GET /api/v1/conversations/ HTTP/1.1" 200 486
INFO 2024-11-01 11:37:26,096 basehttp "GET /api/v1/conversations/?uuid=db7fc3ea-cb9e-44d3-8a57-3d3b6b091226 HTTP/1.1" 200 445
INFO 2024-11-01 11:37:27,916 basehttp "GET /api/v1/conversations/?uuid=02ebb0c7-6176-4e75-ad85-2c4ca94393a3 HTTP/1.1" 200 385
INFO 2024-11-01 11:37:28,877 basehttp "GET /api/v1/conversations/?uuid=a9794937-30e0-44b8-9936-8e8d093e13bd HTTP/1.1" 200 1179
INFO 2024-11-01 11:37:32,382 basehttp "OPTIONS /api/v1/conversations/?uuid=00257307-41c5-4ba6-8e6f-622f15128b2b HTTP/1.1" 200 0
INFO 2024-11-01 11:37:32,390 basehttp "GET /api/v1/conversations/?uuid=00257307-41c5-4ba6-8e6f-622f15128b2b HTTP/1.1" 200 305
INFO 2024-11-01 11:37:33,214 basehttp "GET /api/v1/conversations/?uuid=db7fc3ea-cb9e-44d3-8a57-3d3b6b091226 HTTP/1.1" 200 445
INFO 2024-11-01 11:37:34,396 basehttp "GET /api/v1/conversations/?uuid=00257307-41c5-4ba6-8e6f-622f15128b2b HTTP/1.1" 200 305
INFO 2024-11-01 11:37:35,392 basehttp "GET /api/v1/conversations/?uuid=02ebb0c7-6176-4e75-ad85-2c4ca94393a3 HTTP/1.1" 200 385
INFO 2024-11-01 11:38:18,918 basehttp "POST /api/v1/conversations/ HTTP/1.1" 201 444
INFO 2024-11-01 11:38:31,472 basehttp "PUT /api/v1/conversations/ HTTP/1.1" 200 807
INFO 2024-11-01 11:38:39,527 basehttp "PUT /api/v1/conversations/ HTTP/1.1" 200 1301
INFO 2024-11-01 11:38:52,225 basehttp "PUT /api/v1/conversations/ HTTP/1.1" 200 1951
INFO 2024-11-01 11:39:09,168 basehttp "PUT /api/v1/conversations/ HTTP/1.1" 200 2824
INFO 2024-11-01 11:39:26,729 basehttp "PUT /api/v1/conversations/ HTTP/1.1" 200 3835
INFO 2024-11-01 11:39:38,483 basehttp "PUT /api/v1/conversations/ HTTP/1.1" 200 4980
INFO 2024-11-01 11:39:50,768 basehttp "PUT /api/v1/conversations/ HTTP/1.1" 200 6266
INFO 2024-11-01 11:40:20,973 basehttp "GET /accounts/userdata/ HTTP/1.1" 200 258
INFO 2024-11-01 11:40:20,973 basehttp "GET /api/v1/conversations/ HTTP/1.1" 200 580
INFO 2024-11-01 11:40:30,470 basehttp "GET /accounts/userdata/ HTTP/1.1" 200 258
INFO 2024-11-01 11:40:30,470 basehttp "GET /api/v1/conversations/ HTTP/1.1" 200 580
INFO 2024-11-01 11:40:43,234 basehttp "GET /accounts/userdata/ HTTP/1.1" 200 258
INFO 2024-11-01 11:40:43,238 basehttp "GET /api/v1/conversations/ HTTP/1.1" 200 580
INFO 2024-11-01 11:41:02,540 basehttp "GET /accounts/userdata/ HTTP/1.1" 200 258
INFO 2024-11-01 11:41:02,541 basehttp "GET /api/v1/conversations/ HTTP/1.1" 200 580
INFO 2024-11-01 11:41:05,965 basehttp "GET /accounts/userdata/ HTTP/1.1" 200 258
INFO 2024-11-01 11:41:05,965 basehttp "GET /api/v1/conversations/ HTTP/1.1" 200 580
INFO 2024-11-01 11:41:11,056 basehttp "GET /accounts/userdata/ HTTP/1.1" 200 258
INFO 2024-11-01 11:41:11,057 basehttp "GET /api/v1/conversations/ HTTP/1.1" 200 580
INFO 2024-11-01 11:41:26,814 basehttp "GET /accounts/userdata/ HTTP/1.1" 200 258
INFO 2024-11-01 11:41:26,814 basehttp "GET /api/v1/conversations/ HTTP/1.1" 200 580
INFO 2024-11-01 11:41:29,154 basehttp "GET /accounts/userdata/ HTTP/1.1" 200 258
INFO 2024-11-01 11:41:29,155 basehttp "GET /api/v1/conversations/ HTTP/1.1" 200 580
INFO 2024-11-01 11:41:37,072 basehttp "GET /accounts/userdata/ HTTP/1.1" 200 258
INFO 2024-11-01 11:41:37,074 basehttp "GET /api/v1/conversations/ HTTP/1.1" 200 580
INFO 2024-11-01 11:41:42,251 basehttp "GET /api/v1/conversations/ HTTP/1.1" 200 580
INFO 2024-11-01 11:41:42,253 basehttp "GET /accounts/userdata/ HTTP/1.1" 200 258
INFO 2024-11-01 11:42:43,895 basehttp "GET /accounts/userdata/ HTTP/1.1" 200 258
INFO 2024-11-01 11:42:43,909 basehttp "GET /api/v1/conversations/ HTTP/1.1" 200 580
INFO 2024-11-01 11:43:21,554 basehttp "GET /accounts/userdata/ HTTP/1.1" 200 258
INFO 2024-11-01 11:43:21,554 basehttp "GET /api/v1/conversations/ HTTP/1.1" 200 580
INFO 2024-11-01 11:43:35,973 basehttp "GET /accounts/userdata/ HTTP/1.1" 200 258
INFO 2024-11-01 11:43:35,976 basehttp "GET /api/v1/conversations/ HTTP/1.1" 200 580
INFO 2024-11-01 11:43:37,571 basehttp "GET /accounts/userdata/ HTTP/1.1" 200 258
INFO 2024-11-01 11:43:37,847 basehttp "GET /api/v1/conversations/ HTTP/1.1" 200 580
INFO 2024-11-01 11:43:39,270 basehttp "GET /accounts/userdata/ HTTP/1.1" 200 258
INFO 2024-11-01 11:43:39,271 basehttp "GET /api/v1/conversations/ HTTP/1.1" 200 580
INFO 2024-11-01 11:43:46,757 basehttp "GET /accounts/userdata/ HTTP/1.1" 200 258
INFO 2024-11-01 11:43:46,757 basehttp "GET /api/v1/conversations/ HTTP/1.1" 200 580
INFO 2024-11-01 11:44:45,988 basehttp "GET /accounts/userdata/ HTTP/1.1" 200 258
INFO 2024-11-01 11:44:45,991 basehttp "GET /api/v1/conversations/ HTTP/1.1" 200 580
INFO 2024-11-01 11:44:53,390 basehttp "GET /accounts/userdata/ HTTP/1.1" 200 258
INFO 2024-11-01 11:44:53,489 basehttp "GET /api/v1/conversations/ HTTP/1.1" 200 580
INFO 2024-11-01 11:44:53,994 basehttp "GET /accounts/userdata/ HTTP/1.1" 200 258
INFO 2024-11-01 11:44:53,995 basehttp "GET /api/v1/conversations/ HTTP/1.1" 200 580
INFO 2024-11-01 11:45:10,673 basehttp "GET /accounts/userdata/ HTTP/1.1" 200 258
INFO 2024-11-01 11:45:10,675 basehttp "GET /api/v1/conversations/ HTTP/1.1" 200 580
INFO 2024-11-01 11:45:17,495 basehttp "GET /accounts/userdata/ HTTP/1.1" 200 258
INFO 2024-11-01 11:45:17,505 basehttp "GET /api/v1/conversations/ HTTP/1.1" 200 580
WARNING 2024-11-01 11:45:36,391 basehttp "GET /accounts/userdata/ HTTP/1.1" 401 183
WARNING 2024-11-01 11:45:36,391 basehttp "GET /api/v1/conversations/ HTTP/1.1" 401 183
INFO 2024-11-01 11:45:36,421 basehttp "POST /api/token/refresh HTTP/1.1" 200 290
INFO 2024-11-01 11:45:36,672 basehttp "POST /api/token/refresh HTTP/1.1" 200 290
INFO 2024-11-01 11:45:36,695 basehttp "GET /accounts/userdata/ HTTP/1.1" 200 258
INFO 2024-11-01 11:45:36,711 basehttp "GET /api/v1/conversations/ HTTP/1.1" 200 580
INFO 2024-11-01 11:46:07,059 basehttp "GET /accounts/userdata/ HTTP/1.1" 200 258
INFO 2024-11-01 11:46:07,060 basehttp "GET /api/v1/conversations/ HTTP/1.1" 200 580
INFO 2024-11-01 11:46:23,217 basehttp "GET /accounts/userdata/ HTTP/1.1" 200 258
INFO 2024-11-01 11:46:23,220 basehttp "GET /api/v1/conversations/ HTTP/1.1" 200 580
INFO 2024-11-01 11:46:33,671 basehttp "GET /accounts/userdata/ HTTP/1.1" 200 258
INFO 2024-11-01 11:46:33,673 basehttp "GET /api/v1/conversations/ HTTP/1.1" 200 580
INFO 2024-11-01 11:50:10,428 basehttp "GET /accounts/userdata/ HTTP/1.1" 200 258
INFO 2024-11-01 11:50:10,429 basehttp "GET /api/v1/conversations/ HTTP/1.1" 200 580
INFO 2024-11-01 11:50:22,235 basehttp "GET /api/v1/conversations/ HTTP/1.1" 200 580
INFO 2024-11-01 11:50:22,251 basehttp "GET /accounts/userdata/ HTTP/1.1" 200 258
INFO 2024-11-01 11:50:34,161 basehttp "GET /api/v1/conversations/ HTTP/1.1" 200 580
INFO 2024-11-01 11:50:34,161 basehttp "GET /accounts/userdata/ HTTP/1.1" 200 258
INFO 2024-11-01 11:51:02,877 basehttp "GET /accounts/userdata/ HTTP/1.1" 200 258
INFO 2024-11-01 11:51:02,880 basehttp "GET /api/v1/conversations/ HTTP/1.1" 200 580
INFO 2024-11-01 11:51:21,271 basehttp "GET /accounts/userdata/ HTTP/1.1" 200 258
INFO 2024-11-01 11:51:21,279 basehttp "GET /api/v1/conversations/ HTTP/1.1" 200 580
INFO 2024-11-01 11:51:36,875 basehttp "GET /accounts/userdata/ HTTP/1.1" 200 258
INFO 2024-11-01 11:51:36,876 basehttp "GET /api/v1/conversations/ HTTP/1.1" 200 580
INFO 2024-11-01 11:51:58,802 basehttp "GET /api/v1/conversations/ HTTP/1.1" 200 580
INFO 2024-11-01 11:51:58,839 basehttp "GET /accounts/userdata/ HTTP/1.1" 200 258
INFO 2024-11-01 11:52:12,474 basehttp "GET /api/v1/conversations/ HTTP/1.1" 200 580
INFO 2024-11-01 11:52:12,474 basehttp "GET /accounts/userdata/ HTTP/1.1" 200 258
INFO 2024-11-01 11:52:14,658 basehttp "GET /accounts/userdata/ HTTP/1.1" 200 258
INFO 2024-11-01 11:52:14,659 basehttp "GET /api/v1/conversations/ HTTP/1.1" 200 580
INFO 2024-11-01 11:52:16,088 basehttp "GET /accounts/userdata/ HTTP/1.1" 200 258
INFO 2024-11-01 11:52:16,088 basehttp "GET /api/v1/conversations/ HTTP/1.1" 200 580
INFO 2024-11-01 11:53:32,885 basehttp "GET /accounts/userdata/ HTTP/1.1" 200 258
INFO 2024-11-01 11:53:32,886 basehttp "GET /api/v1/conversations/ HTTP/1.1" 200 580
INFO 2024-11-01 11:54:17,640 basehttp "GET /accounts/userdata/ HTTP/1.1" 200 258
INFO 2024-11-01 11:54:17,641 basehttp "GET /api/v1/conversations/ HTTP/1.1" 200 580
INFO 2024-11-01 11:54:31,717 basehttp "GET /api/v1/conversations/ HTTP/1.1" 200 580
INFO 2024-11-01 11:54:31,717 basehttp "GET /accounts/userdata/ HTTP/1.1" 200 258
INFO 2024-11-01 11:55:31,249 basehttp "GET /api/v1/conversations/?uuid=02ebb0c7-6176-4e75-ad85-2c4ca94393a3 HTTP/1.1" 200 385
INFO 2024-11-01 11:55:33,421 basehttp "OPTIONS /api/v1/conversations/?uuid=1d3b5d60-d230-435d-80fe-eb9aaaa84dd7 HTTP/1.1" 200 0
INFO 2024-11-01 11:55:33,426 basehttp "GET /api/v1/conversations/?uuid=1d3b5d60-d230-435d-80fe-eb9aaaa84dd7 HTTP/1.1" 200 6266
INFO 2024-11-01 11:56:05,948 basehttp "GET /accounts/userdata/ HTTP/1.1" 200 258
INFO 2024-11-01 11:56:05,949 basehttp "GET /api/v1/conversations/ HTTP/1.1" 200 580
INFO 2024-11-01 11:56:14,436 basehttp "GET /accounts/userdata/ HTTP/1.1" 200 258
INFO 2024-11-01 11:56:14,436 basehttp "GET /api/v1/conversations/ HTTP/1.1" 200 580
INFO 2024-11-01 11:56:15,801 basehttp "GET /api/v1/conversations/?uuid=00257307-41c5-4ba6-8e6f-622f15128b2b HTTP/1.1" 200 305
INFO 2024-11-01 11:56:16,995 basehttp "GET /api/v1/conversations/?uuid=1d3b5d60-d230-435d-80fe-eb9aaaa84dd7 HTTP/1.1" 200 6266
INFO 2024-11-01 11:56:18,677 basehttp "GET /accounts/userdata/ HTTP/1.1" 200 258
INFO 2024-11-01 11:56:18,678 basehttp "GET /api/v1/conversations/ HTTP/1.1" 200 580
INFO 2024-11-01 11:56:24,267 basehttp "GET /api/v1/conversations/ HTTP/1.1" 200 580
INFO 2024-11-01 11:56:24,267 basehttp "GET /accounts/userdata/ HTTP/1.1" 200 258
INFO 2024-11-01 11:56:26,762 basehttp "GET /api/v1/conversations/?uuid=00257307-41c5-4ba6-8e6f-622f15128b2b HTTP/1.1" 200 305
INFO 2024-11-01 11:56:28,175 basehttp "GET /api/v1/conversations/?uuid=1d3b5d60-d230-435d-80fe-eb9aaaa84dd7 HTTP/1.1" 200 6266
INFO 2024-11-01 11:56:55,630 basehttp "GET /accounts/userdata/ HTTP/1.1" 200 258
INFO 2024-11-01 11:56:55,631 basehttp "GET /api/v1/conversations/ HTTP/1.1" 200 580
INFO 2024-11-01 11:57:06,233 basehttp "GET /accounts/userdata/ HTTP/1.1" 200 258
INFO 2024-11-01 11:57:06,234 basehttp "GET /api/v1/conversations/ HTTP/1.1" 200 580
INFO 2024-11-01 11:57:08,632 basehttp "GET /api/v1/conversations/?uuid=1d3b5d60-d230-435d-80fe-eb9aaaa84dd7 HTTP/1.1" 200 6266
INFO 2024-11-01 11:57:21,443 basehttp "GET /accounts/userdata/ HTTP/1.1" 200 258
INFO 2024-11-01 11:57:21,444 basehttp "GET /api/v1/conversations/ HTTP/1.1" 200 580
INFO 2024-11-01 11:57:26,429 basehttp "GET /accounts/userdata/ HTTP/1.1" 200 258
INFO 2024-11-01 11:57:26,429 basehttp "GET /api/v1/conversations/ HTTP/1.1" 200 580
INFO 2024-11-01 11:57:30,752 basehttp "GET /accounts/userdata/ HTTP/1.1" 200 258
INFO 2024-11-01 11:57:30,754 basehttp "GET /api/v1/conversations/ HTTP/1.1" 200 580
INFO 2024-11-01 11:57:32,001 basehttp "GET /api/v1/conversations/?uuid=1d3b5d60-d230-435d-80fe-eb9aaaa84dd7 HTTP/1.1" 200 6266
INFO 2024-11-01 11:57:33,851 basehttp "GET /accounts/userdata/ HTTP/1.1" 200 258
INFO 2024-11-01 11:57:33,852 basehttp "GET /api/v1/conversations/ HTTP/1.1" 200 580
INFO 2024-11-01 11:57:36,306 basehttp "GET /accounts/userdata/ HTTP/1.1" 200 258
INFO 2024-11-01 11:57:36,308 basehttp "GET /api/v1/conversations/ HTTP/1.1" 200 580
INFO 2024-11-01 11:58:02,198 basehttp "GET /accounts/userdata/ HTTP/1.1" 200 258
INFO 2024-11-01 11:58:02,200 basehttp "GET /api/v1/conversations/ HTTP/1.1" 200 580
INFO 2024-11-01 11:58:07,610 basehttp "GET /api/v1/conversations/ HTTP/1.1" 200 580
INFO 2024-11-01 11:58:07,610 basehttp "GET /accounts/userdata/ HTTP/1.1" 200 258
INFO 2024-11-01 11:58:21,727 basehttp "GET /api/v1/conversations/ HTTP/1.1" 200 580
INFO 2024-11-01 11:58:21,741 basehttp "GET /accounts/userdata/ HTTP/1.1" 200 258
INFO 2024-11-01 11:58:55,909 basehttp "GET /accounts/userdata/ HTTP/1.1" 200 258
INFO 2024-11-01 11:58:55,913 basehttp "GET /api/v1/conversations/ HTTP/1.1" 200 580
INFO 2024-11-01 11:59:16,726 basehttp "GET /accounts/userdata/ HTTP/1.1" 200 258
INFO 2024-11-01 11:59:16,728 basehttp "GET /api/v1/conversations/ HTTP/1.1" 200 580
INFO 2024-11-01 12:00:33,251 basehttp "GET /accounts/userdata/ HTTP/1.1" 200 258
INFO 2024-11-01 12:00:33,251 basehttp "GET /api/v1/conversations/ HTTP/1.1" 200 580
WARNING 2024-11-01 12:05:22,332 basehttp "GET /api/v1/conversations/ HTTP/1.1" 401 183
WARNING 2024-11-01 12:05:22,332 basehttp "GET /accounts/userdata/ HTTP/1.1" 401 183
INFO 2024-11-01 12:05:22,422 basehttp "POST /api/token/refresh HTTP/1.1" 200 290
INFO 2024-11-01 12:05:22,954 basehttp "POST /api/token/refresh HTTP/1.1" 200 290
INFO 2024-11-01 12:05:22,990 basehttp "GET /accounts/userdata/ HTTP/1.1" 200 258
INFO 2024-11-01 12:05:23,043 basehttp "GET /api/v1/conversations/ HTTP/1.1" 200 580
INFO 2024-11-01 12:05:28,009 basehttp "GET /api/v1/conversations/?uuid=1d3b5d60-d230-435d-80fe-eb9aaaa84dd7 HTTP/1.1" 200 6266
INFO 2024-11-01 12:05:33,010 basehttp "GET /api/v1/conversations/?uuid=00257307-41c5-4ba6-8e6f-622f15128b2b HTTP/1.1" 200 305
INFO 2024-11-01 12:05:34,048 basehttp "GET /api/v1/conversations/?uuid=db7fc3ea-cb9e-44d3-8a57-3d3b6b091226 HTTP/1.1" 200 445
INFO 2024-11-01 12:05:35,084 basehttp "GET /api/v1/conversations/?uuid=1d3b5d60-d230-435d-80fe-eb9aaaa84dd7 HTTP/1.1" 200 6266
INFO 2024-11-01 12:05:37,347 basehttp "GET /api/v1/conversations/?uuid=1d3b5d60-d230-435d-80fe-eb9aaaa84dd7 HTTP/1.1" 200 6266
INFO 2024-11-01 12:06:03,776 basehttp "GET /accounts/userdata/ HTTP/1.1" 200 258
INFO 2024-11-01 12:06:03,780 basehttp "GET /api/v1/conversations/ HTTP/1.1" 200 580
INFO 2024-11-01 12:06:16,042 basehttp "GET /accounts/userdata/ HTTP/1.1" 200 258
INFO 2024-11-01 12:06:16,057 basehttp "GET /api/v1/conversations/ HTTP/1.1" 200 580
INFO 2024-11-01 12:06:18,897 basehttp "GET /accounts/userdata/ HTTP/1.1" 200 258
INFO 2024-11-01 12:06:18,907 basehttp "GET /api/v1/conversations/ HTTP/1.1" 200 580
INFO 2024-11-01 12:06:21,154 basehttp "GET /api/v1/conversations/?uuid=1d3b5d60-d230-435d-80fe-eb9aaaa84dd7 HTTP/1.1" 200 6266
INFO 2024-11-01 12:06:22,970 basehttp "GET /api/v1/conversations/?uuid=00257307-41c5-4ba6-8e6f-622f15128b2b HTTP/1.1" 200 305
INFO 2024-11-01 12:06:23,971 basehttp "GET /api/v1/conversations/?uuid=1d3b5d60-d230-435d-80fe-eb9aaaa84dd7 HTTP/1.1" 200 6266
INFO 2024-11-01 12:06:25,502 basehttp "GET /api/v1/conversations/?uuid=1d3b5d60-d230-435d-80fe-eb9aaaa84dd7 HTTP/1.1" 200 6266
INFO 2024-11-01 12:06:27,067 basehttp "GET /api/v1/conversations/?uuid=00257307-41c5-4ba6-8e6f-622f15128b2b HTTP/1.1" 200 305
INFO 2024-11-01 12:06:28,274 basehttp "GET /api/v1/conversations/?uuid=1d3b5d60-d230-435d-80fe-eb9aaaa84dd7 HTTP/1.1" 200 6266
INFO 2024-11-01 12:06:35,546 basehttp "GET /accounts/userdata/ HTTP/1.1" 200 258
INFO 2024-11-01 12:06:35,546 basehttp "GET /api/v1/conversations/ HTTP/1.1" 200 580
INFO 2024-11-01 12:06:38,891 basehttp "GET /api/v1/conversations/ HTTP/1.1" 200 580
INFO 2024-11-01 12:06:38,891 basehttp "GET /accounts/userdata/ HTTP/1.1" 200 258
INFO 2024-11-01 12:06:47,499 basehttp "GET /accounts/userdata/ HTTP/1.1" 200 258
INFO 2024-11-01 12:06:47,502 basehttp "GET /api/v1/conversations/ HTTP/1.1" 200 580
INFO 2024-11-01 12:06:51,743 basehttp "GET /api/v1/conversations/ HTTP/1.1" 200 580
INFO 2024-11-01 12:06:51,751 basehttp "GET /accounts/userdata/ HTTP/1.1" 200 258
INFO 2024-11-01 12:06:53,388 basehttp "GET /api/v1/conversations/?uuid=00257307-41c5-4ba6-8e6f-622f15128b2b HTTP/1.1" 200 305
INFO 2024-11-01 12:06:55,074 basehttp "GET /api/v1/conversations/?uuid=1d3b5d60-d230-435d-80fe-eb9aaaa84dd7 HTTP/1.1" 200 6266
INFO 2024-11-01 12:07:15,196 basehttp "GET /api/v1/conversations/?uuid=00257307-41c5-4ba6-8e6f-622f15128b2b HTTP/1.1" 200 305
INFO 2024-11-01 12:07:16,435 basehttp "GET /api/v1/conversations/?uuid=1d3b5d60-d230-435d-80fe-eb9aaaa84dd7 HTTP/1.1" 200 6266
WARNING 2024-11-01 12:27:58,791 basehttp "GET /api/v1/conversations/?uuid=00257307-41c5-4ba6-8e6f-622f15128b2b HTTP/1.1" 401 183
INFO 2024-11-01 12:27:58,815 basehttp "POST /api/token/refresh HTTP/1.1" 200 290
INFO 2024-11-01 12:27:58,832 basehttp "GET /api/v1/conversations/ HTTP/1.1" 200 580
INFO 2024-11-01 12:28:02,816 basehttp "GET /api/v1/conversations/?uuid=00257307-41c5-4ba6-8e6f-622f15128b2b HTTP/1.1" 200 305
INFO 2024-11-01 12:28:04,002 basehttp "GET /api/v1/conversations/?uuid=1d3b5d60-d230-435d-80fe-eb9aaaa84dd7 HTTP/1.1" 200 6266
INFO 2024-11-01 12:28:29,100 basehttp "GET /accounts/userdata/ HTTP/1.1" 200 258
INFO 2024-11-01 12:28:29,102 basehttp "GET /api/v1/conversations/ HTTP/1.1" 200 580
INFO 2024-11-01 12:28:34,086 basehttp "GET /api/v1/conversations/?uuid=00257307-41c5-4ba6-8e6f-622f15128b2b HTTP/1.1" 200 305
INFO 2024-11-01 12:28:35,231 basehttp "GET /api/v1/conversations/?uuid=1d3b5d60-d230-435d-80fe-eb9aaaa84dd7 HTTP/1.1" 200 6266
INFO 2024-11-01 12:28:41,939 basehttp "GET /api/v1/conversations/?uuid=db7fc3ea-cb9e-44d3-8a57-3d3b6b091226 HTTP/1.1" 200 445
INFO 2024-11-01 12:28:42,772 basehttp "GET /api/v1/conversations/?uuid=1d3b5d60-d230-435d-80fe-eb9aaaa84dd7 HTTP/1.1" 200 6266
INFO 2024-11-01 14:00:07,333 basehttp "OPTIONS /accounts/userdata/ HTTP/1.1" 200 0
INFO 2024-11-01 14:00:07,334 basehttp "OPTIONS /api/v1/conversations/ HTTP/1.1" 200 0
WARNING 2024-11-01 14:00:07,363 basehttp "GET /api/v1/conversations/ HTTP/1.1" 401 183
WARNING 2024-11-01 14:00:07,363 basehttp "GET /accounts/userdata/ HTTP/1.1" 401 183
INFO 2024-11-01 14:00:07,419 basehttp "OPTIONS /api/token/refresh HTTP/1.1" 200 0
INFO 2024-11-01 14:00:07,426 basehttp "POST /api/token/refresh HTTP/1.1" 200 290
INFO 2024-11-01 14:00:07,426 basehttp "OPTIONS /api/token/refresh HTTP/1.1" 200 0
INFO 2024-11-01 14:00:07,430 basehttp "POST /api/token/refresh HTTP/1.1" 200 290
INFO 2024-11-01 14:00:07,600 basehttp "GET /accounts/userdata/ HTTP/1.1" 200 258
INFO 2024-11-01 14:00:07,601 basehttp "GET /api/v1/conversations/ HTTP/1.1" 200 580
INFO 2024-11-01 14:00:09,050 basehttp "GET /accounts/userdata/ HTTP/1.1" 200 258
INFO 2024-11-01 14:00:09,051 basehttp "GET /api/v1/conversations/ HTTP/1.1" 200 580
INFO 2024-11-01 14:00:16,865 basehttp "OPTIONS /api/v1/conversations/?uuid=db7fc3ea-cb9e-44d3-8a57-3d3b6b091226 HTTP/1.1" 200 0
INFO 2024-11-01 14:00:16,872 basehttp "GET /api/v1/conversations/?uuid=db7fc3ea-cb9e-44d3-8a57-3d3b6b091226 HTTP/1.1" 200 445
INFO 2024-11-01 14:00:17,821 basehttp "OPTIONS /api/v1/conversations/?uuid=1d3b5d60-d230-435d-80fe-eb9aaaa84dd7 HTTP/1.1" 200 0
INFO 2024-11-01 14:00:17,833 basehttp "GET /api/v1/conversations/?uuid=1d3b5d60-d230-435d-80fe-eb9aaaa84dd7 HTTP/1.1" 200 6266
INFO 2024-11-01 14:00:32,090 basehttp "GET /accounts/userdata/ HTTP/1.1" 200 258
INFO 2024-11-01 14:00:32,091 basehttp "GET /api/v1/conversations/ HTTP/1.1" 200 580
INFO 2024-11-01 14:00:33,829 basehttp "GET /accounts/userdata/ HTTP/1.1" 200 258
INFO 2024-11-01 14:00:33,834 basehttp "GET /api/v1/conversations/ HTTP/1.1" 200 580
INFO 2024-11-01 14:00:34,665 basehttp "GET /api/v1/conversations/?uuid=db7fc3ea-cb9e-44d3-8a57-3d3b6b091226 HTTP/1.1" 200 445
INFO 2024-11-01 14:00:35,553 basehttp "GET /api/v1/conversations/?uuid=1d3b5d60-d230-435d-80fe-eb9aaaa84dd7 HTTP/1.1" 200 6266
INFO 2024-11-01 14:00:47,332 basehttp "GET /accounts/userdata/ HTTP/1.1" 200 258
INFO 2024-11-01 14:00:47,332 basehttp "GET /api/v1/conversations/ HTTP/1.1" 200 580
INFO 2024-11-01 14:00:51,622 basehttp "GET /accounts/userdata/ HTTP/1.1" 200 258
INFO 2024-11-01 14:00:51,623 basehttp "GET /api/v1/conversations/ HTTP/1.1" 200 580
INFO 2024-11-01 14:00:52,560 basehttp "OPTIONS /api/v1/conversations/?uuid=00257307-41c5-4ba6-8e6f-622f15128b2b HTTP/1.1" 200 0
INFO 2024-11-01 14:00:52,566 basehttp "GET /api/v1/conversations/?uuid=00257307-41c5-4ba6-8e6f-622f15128b2b HTTP/1.1" 200 305
INFO 2024-11-01 14:00:53,709 basehttp "GET /api/v1/conversations/?uuid=1d3b5d60-d230-435d-80fe-eb9aaaa84dd7 HTTP/1.1" 200 6266
INFO 2024-11-01 14:01:11,711 basehttp "GET /api/v1/conversations/ HTTP/1.1" 200 580
INFO 2024-11-01 14:01:11,711 basehttp "GET /accounts/userdata/ HTTP/1.1" 200 258
INFO 2024-11-01 14:01:15,608 basehttp "GET /api/v1/conversations/ HTTP/1.1" 200 580
INFO 2024-11-01 14:01:15,608 basehttp "GET /accounts/userdata/ HTTP/1.1" 200 258
INFO 2024-11-01 14:01:17,298 basehttp "GET /api/v1/conversations/ HTTP/1.1" 200 580
INFO 2024-11-01 14:01:17,298 basehttp "GET /accounts/userdata/ HTTP/1.1" 200 258
INFO 2024-11-01 14:01:21,847 basehttp "GET /accounts/userdata/ HTTP/1.1" 200 258
INFO 2024-11-01 14:01:21,848 basehttp "GET /api/v1/conversations/ HTTP/1.1" 200 580
INFO 2024-11-01 14:01:23,183 basehttp "GET /accounts/userdata/ HTTP/1.1" 200 258
INFO 2024-11-01 14:01:23,183 basehttp "GET /api/v1/conversations/ HTTP/1.1" 200 580
INFO 2024-11-01 14:01:26,326 basehttp "GET /accounts/userdata/ HTTP/1.1" 200 258
INFO 2024-11-01 14:01:26,326 basehttp "GET /api/v1/conversations/ HTTP/1.1" 200 580
INFO 2024-11-01 14:01:30,085 basehttp "GET /api/v1/conversations/?uuid=00257307-41c5-4ba6-8e6f-622f15128b2b HTTP/1.1" 200 305
INFO 2024-11-01 14:01:30,886 basehttp "GET /api/v1/conversations/?uuid=1d3b5d60-d230-435d-80fe-eb9aaaa84dd7 HTTP/1.1" 200 6266
INFO 2024-11-01 14:01:44,593 basehttp "GET /accounts/userdata/ HTTP/1.1" 200 258
INFO 2024-11-01 14:01:44,594 basehttp "GET /api/v1/conversations/ HTTP/1.1" 200 580
INFO 2024-11-01 14:01:45,843 basehttp "GET /api/v1/conversations/?uuid=db7fc3ea-cb9e-44d3-8a57-3d3b6b091226 HTTP/1.1" 200 445
INFO 2024-11-01 14:01:46,776 basehttp "GET /api/v1/conversations/?uuid=1d3b5d60-d230-435d-80fe-eb9aaaa84dd7 HTTP/1.1" 200 6266
INFO 2024-11-01 14:01:48,661 basehttp "GET /api/v1/conversations/?uuid=1d3b5d60-d230-435d-80fe-eb9aaaa84dd7 HTTP/1.1" 200 6266
INFO 2024-11-01 14:01:52,981 basehttp "GET /accounts/userdata/ HTTP/1.1" 200 258
INFO 2024-11-01 14:01:52,981 basehttp "GET /api/v1/conversations/ HTTP/1.1" 200 580
INFO 2024-11-01 14:01:56,147 basehttp "GET /accounts/userdata/ HTTP/1.1" 200 258
INFO 2024-11-01 14:01:56,147 basehttp "GET /api/v1/conversations/ HTTP/1.1" 200 580
INFO 2024-11-01 14:01:58,932 basehttp "GET /api/v1/conversations/?uuid=db7fc3ea-cb9e-44d3-8a57-3d3b6b091226 HTTP/1.1" 200 445
INFO 2024-11-01 14:01:59,707 basehttp "GET /api/v1/conversations/?uuid=1d3b5d60-d230-435d-80fe-eb9aaaa84dd7 HTTP/1.1" 200 6266
INFO 2024-11-01 14:02:05,704 basehttp "GET /accounts/userdata/ HTTP/1.1" 200 258
INFO 2024-11-01 14:02:05,704 basehttp "GET /api/v1/conversations/ HTTP/1.1" 200 580
INFO 2024-11-01 14:02:22,081 basehttp "GET /api/v1/conversations/?uuid=00257307-41c5-4ba6-8e6f-622f15128b2b HTTP/1.1" 200 305
INFO 2024-11-01 14:02:23,056 basehttp "OPTIONS /api/v1/conversations/?uuid=02ebb0c7-6176-4e75-ad85-2c4ca94393a3 HTTP/1.1" 200 0
INFO 2024-11-01 14:02:23,063 basehttp "GET /api/v1/conversations/?uuid=02ebb0c7-6176-4e75-ad85-2c4ca94393a3 HTTP/1.1" 200 385
INFO 2024-11-01 14:02:23,891 basehttp "GET /api/v1/conversations/?uuid=1d3b5d60-d230-435d-80fe-eb9aaaa84dd7 HTTP/1.1" 200 6266
INFO 2024-11-01 14:04:46,911 basehttp "GET /accounts/userdata/ HTTP/1.1" 200 258
INFO 2024-11-01 14:04:46,912 basehttp "GET /api/v1/conversations/ HTTP/1.1" 200 580
INFO 2024-11-01 14:04:48,120 basehttp "GET /api/v1/conversations/?uuid=1d3b5d60-d230-435d-80fe-eb9aaaa84dd7 HTTP/1.1" 200 6266
INFO 2024-11-01 14:04:55,192 basehttp "GET /api/v1/conversations/?uuid=1d3b5d60-d230-435d-80fe-eb9aaaa84dd7 HTTP/1.1" 200 6266
INFO 2024-11-01 14:04:57,214 basehttp "GET /api/v1/conversations/?uuid=02ebb0c7-6176-4e75-ad85-2c4ca94393a3 HTTP/1.1" 200 385
INFO 2024-11-01 14:05:07,596 basehttp "GET /accounts/userdata/ HTTP/1.1" 200 258
INFO 2024-11-01 14:05:07,597 basehttp "GET /api/v1/conversations/ HTTP/1.1" 200 580
INFO 2024-11-01 14:05:09,684 basehttp "GET /api/v1/conversations/?uuid=1d3b5d60-d230-435d-80fe-eb9aaaa84dd7 HTTP/1.1" 200 6266
INFO 2024-11-01 14:05:11,828 basehttp "GET /api/v1/conversations/?uuid=db7fc3ea-cb9e-44d3-8a57-3d3b6b091226 HTTP/1.1" 200 445
INFO 2024-11-01 14:05:13,069 basehttp "GET /api/v1/conversations/?uuid=db7fc3ea-cb9e-44d3-8a57-3d3b6b091226 HTTP/1.1" 200 445
INFO 2024-11-01 14:05:26,773 basehttp "GET /api/v1/conversations/ HTTP/1.1" 200 580
INFO 2024-11-01 14:05:26,773 basehttp "GET /accounts/userdata/ HTTP/1.1" 200 258
INFO 2024-11-01 14:05:28,055 basehttp "GET /accounts/userdata/ HTTP/1.1" 200 258
INFO 2024-11-01 14:05:28,057 basehttp "GET /api/v1/conversations/ HTTP/1.1" 200 580
INFO 2024-11-01 14:05:31,071 basehttp "GET /accounts/userdata/ HTTP/1.1" 200 258
INFO 2024-11-01 14:05:31,071 basehttp "GET /api/v1/conversations/ HTTP/1.1" 200 580
INFO 2024-11-01 14:05:33,594 basehttp "GET /accounts/userdata/ HTTP/1.1" 200 258
INFO 2024-11-01 14:05:33,594 basehttp "GET /api/v1/conversations/ HTTP/1.1" 200 580
INFO 2024-11-01 14:05:35,492 basehttp "GET /api/v1/conversations/ HTTP/1.1" 200 580
INFO 2024-11-01 14:05:35,492 basehttp "GET /accounts/userdata/ HTTP/1.1" 200 258
INFO 2024-11-01 14:05:36,188 basehttp "GET /api/v1/conversations/?uuid=db7fc3ea-cb9e-44d3-8a57-3d3b6b091226 HTTP/1.1" 200 445
INFO 2024-11-01 14:05:37,726 basehttp "GET /api/v1/conversations/?uuid=00257307-41c5-4ba6-8e6f-622f15128b2b HTTP/1.1" 200 305
INFO 2024-11-01 14:05:38,400 basehttp "GET /api/v1/conversations/?uuid=02ebb0c7-6176-4e75-ad85-2c4ca94393a3 HTTP/1.1" 200 385
INFO 2024-11-01 14:05:39,310 basehttp "GET /api/v1/conversations/?uuid=1d3b5d60-d230-435d-80fe-eb9aaaa84dd7 HTTP/1.1" 200 6266
INFO 2024-11-01 14:06:07,431 basehttp "GET /accounts/userdata/ HTTP/1.1" 200 258
INFO 2024-11-01 14:06:07,447 basehttp "GET /api/v1/conversations/ HTTP/1.1" 200 580
INFO 2024-11-01 14:06:43,601 basehttp "PUT /api/v1/conversations/ HTTP/1.1" 200 12439
INFO 2024-11-01 14:13:58,092 basehttp "GET /accounts/userdata/ HTTP/1.1" 200 258
INFO 2024-11-01 14:13:58,092 basehttp "GET /api/v1/conversations/ HTTP/1.1" 200 580
WARNING 2024-11-01 14:15:29,176 basehttp "GET /api/v1/conversations/ HTTP/1.1" 401 183
WARNING 2024-11-01 14:15:29,176 basehttp "GET /accounts/userdata/ HTTP/1.1" 401 183
INFO 2024-11-01 14:15:29,184 basehttp "POST /api/token/refresh HTTP/1.1" 200 290
INFO 2024-11-01 14:15:29,186 basehttp "POST /api/token/refresh HTTP/1.1" 200 290
INFO 2024-11-01 14:15:29,197 basehttp "GET /accounts/userdata/ HTTP/1.1" 200 258
INFO 2024-11-01 14:15:29,197 basehttp "GET /api/v1/conversations/ HTTP/1.1" 200 580
INFO 2024-11-01 14:15:49,886 basehttp "GET /accounts/userdata/ HTTP/1.1" 200 258
INFO 2024-11-01 14:15:49,886 basehttp "GET /api/v1/conversations/ HTTP/1.1" 200 580
INFO 2024-11-01 14:16:07,802 basehttp "OPTIONS /api/token HTTP/1.1" 200 0
INFO 2024-11-01 14:16:08,137 basehttp "POST /api/token HTTP/1.1" 200 582
INFO 2024-11-01 14:16:08,228 basehttp "OPTIONS /accounts/userdata/ HTTP/1.1" 200 0
INFO 2024-11-01 14:16:08,229 basehttp "OPTIONS /api/v1/conversations/ HTTP/1.1" 200 0
INFO 2024-11-01 14:16:08,418 basehttp "GET /accounts/userdata/ HTTP/1.1" 200 258
INFO 2024-11-01 14:16:08,436 basehttp "GET /api/v1/conversations/ HTTP/1.1" 200 580
INFO 2024-11-01 14:17:10,762 basehttp "GET /accounts/userdata/ HTTP/1.1" 200 258
INFO 2024-11-01 14:17:10,765 basehttp "GET /api/v1/conversations/ HTTP/1.1" 200 580
INFO 2024-11-01 14:17:46,210 basehttp "GET /accounts/userdata/ HTTP/1.1" 200 258
INFO 2024-11-01 14:17:46,210 basehttp "GET /api/v1/conversations/ HTTP/1.1" 200 580
INFO 2024-11-01 14:21:04,582 basehttp "GET /accounts/userdata/ HTTP/1.1" 200 258
INFO 2024-11-01 14:21:04,582 basehttp "GET /api/v1/conversations/ HTTP/1.1" 200 580
INFO 2024-11-01 14:25:49,963 basehttp "GET /accounts/userdata/ HTTP/1.1" 200 258
INFO 2024-11-01 14:25:49,971 basehttp "GET /api/v1/conversations/ HTTP/1.1" 200 580
INFO 2024-11-01 14:26:33,357 basehttp "GET /api/v1/conversations/ HTTP/1.1" 200 580
INFO 2024-11-01 14:26:33,375 basehttp "GET /accounts/userdata/ HTTP/1.1" 200 258
INFO 2024-11-01 14:26:36,245 basehttp "GET /api/v1/conversations/ HTTP/1.1" 200 580
INFO 2024-11-01 14:26:36,262 basehttp "GET /accounts/userdata/ HTTP/1.1" 200 258
INFO 2024-11-01 14:28:14,558 basehttp "GET /accounts/userdata/ HTTP/1.1" 200 258
INFO 2024-11-01 14:28:14,560 basehttp "GET /api/v1/conversations/ HTTP/1.1" 200 580
INFO 2024-11-01 14:28:21,076 basehttp "GET /accounts/userdata/ HTTP/1.1" 200 258
INFO 2024-11-01 14:28:21,076 basehttp "GET /api/v1/conversations/ HTTP/1.1" 200 580
INFO 2024-11-01 14:29:06,030 basehttp "GET /accounts/userdata/ HTTP/1.1" 200 258
INFO 2024-11-01 14:29:06,031 basehttp "GET /api/v1/conversations/ HTTP/1.1" 200 580
INFO 2024-11-01 14:30:51,330 basehttp "GET /accounts/userdata/ HTTP/1.1" 200 258
INFO 2024-11-01 14:30:51,330 basehttp "GET /api/v1/conversations/ HTTP/1.1" 200 580
INFO 2024-11-01 14:31:06,184 basehttp "GET /accounts/userdata/ HTTP/1.1" 200 258
INFO 2024-11-01 14:31:06,184 basehttp "GET /api/v1/conversations/ HTTP/1.1" 200 580
WARNING 2024-11-01 14:31:08,770 basehttp "GET /accounts/userdata/ HTTP/1.1" 401 183
WARNING 2024-11-01 14:31:08,770 basehttp "GET /api/v1/conversations/ HTTP/1.1" 401 183
INFO 2024-11-01 14:31:08,778 basehttp "OPTIONS /api/token/refresh HTTP/1.1" 200 0
INFO 2024-11-01 14:31:08,779 basehttp "OPTIONS /api/token/refresh HTTP/1.1" 200 0
INFO 2024-11-01 14:31:08,783 basehttp "POST /api/token/refresh HTTP/1.1" 200 290
INFO 2024-11-01 14:31:08,783 basehttp "POST /api/token/refresh HTTP/1.1" 200 290
INFO 2024-11-01 14:31:08,797 basehttp "GET /accounts/userdata/ HTTP/1.1" 200 258
INFO 2024-11-01 14:31:08,798 basehttp "GET /api/v1/conversations/ HTTP/1.1" 200 580
INFO 2024-11-01 14:31:22,622 basehttp "GET /accounts/userdata/ HTTP/1.1" 200 258
INFO 2024-11-01 14:31:22,623 basehttp "GET /api/v1/conversations/ HTTP/1.1" 200 580
INFO 2024-11-01 14:31:24,847 basehttp "GET /accounts/userdata/ HTTP/1.1" 200 258
INFO 2024-11-01 14:31:24,849 basehttp "GET /api/v1/conversations/ HTTP/1.1" 200 580
INFO 2024-11-01 14:31:49,460 basehttp "GET /accounts/userdata/ HTTP/1.1" 200 258
INFO 2024-11-01 14:31:49,462 basehttp "GET /api/v1/conversations/ HTTP/1.1" 200 580
INFO 2024-11-01 14:31:51,752 basehttp "GET /accounts/userdata/ HTTP/1.1" 200 258
INFO 2024-11-01 14:31:51,753 basehttp "GET /api/v1/conversations/ HTTP/1.1" 200 580
INFO 2024-11-01 14:32:04,246 basehttp "GET /api/v1/conversations/ HTTP/1.1" 200 580
INFO 2024-11-01 14:32:04,249 basehttp "GET /accounts/userdata/ HTTP/1.1" 200 258
INFO 2024-11-01 14:32:05,632 basehttp "GET /api/v1/conversations/ HTTP/1.1" 200 580
INFO 2024-11-01 14:32:05,632 basehttp "GET /accounts/userdata/ HTTP/1.1" 200 258
INFO 2024-11-01 14:32:40,084 basehttp "GET /api/v1/conversations/ HTTP/1.1" 200 580
INFO 2024-11-01 14:32:40,086 basehttp "GET /accounts/userdata/ HTTP/1.1" 200 258
INFO 2024-11-01 14:32:43,824 basehttp "GET /accounts/userdata/ HTTP/1.1" 200 258
INFO 2024-11-01 14:32:43,839 basehttp "GET /api/v1/conversations/ HTTP/1.1" 200 580
INFO 2024-11-01 14:32:46,302 basehttp "GET /api/v1/conversations/ HTTP/1.1" 200 580
INFO 2024-11-01 14:32:46,303 basehttp "GET /accounts/userdata/ HTTP/1.1" 200 258
INFO 2024-11-01 14:32:48,395 basehttp "GET /accounts/userdata/ HTTP/1.1" 200 258
INFO 2024-11-01 14:32:48,396 basehttp "GET /api/v1/conversations/ HTTP/1.1" 200 580
INFO 2024-11-01 14:32:50,716 basehttp "GET /accounts/userdata/ HTTP/1.1" 200 258
INFO 2024-11-01 14:32:50,717 basehttp "GET /api/v1/conversations/ HTTP/1.1" 200 580
INFO 2024-11-01 14:32:55,269 basehttp "GET /accounts/userdata/ HTTP/1.1" 200 258
INFO 2024-11-01 14:32:55,270 basehttp "GET /api/v1/conversations/ HTTP/1.1" 200 580
INFO 2024-11-01 14:32:58,472 basehttp "GET /accounts/userdata/ HTTP/1.1" 200 258
INFO 2024-11-01 14:32:58,472 basehttp "GET /api/v1/conversations/ HTTP/1.1" 200 580
INFO 2024-11-01 14:35:07,101 basehttp "GET /accounts/userdata/ HTTP/1.1" 200 258
INFO 2024-11-01 14:35:07,101 basehttp "GET /api/v1/conversations/ HTTP/1.1" 200 580
INFO 2024-11-01 14:35:53,016 basehttp "GET /accounts/userdata/ HTTP/1.1" 200 258
INFO 2024-11-01 14:35:53,016 basehttp "GET /api/v1/conversations/ HTTP/1.1" 200 580
INFO 2024-11-01 14:36:21,055 basehttp "GET /accounts/userdata/ HTTP/1.1" 200 258
INFO 2024-11-01 14:36:21,060 basehttp "GET /api/v1/conversations/ HTTP/1.1" 200 580
INFO 2024-11-01 14:36:25,265 basehttp "GET /accounts/userdata/ HTTP/1.1" 200 258
INFO 2024-11-01 14:36:25,266 basehttp "GET /api/v1/conversations/ HTTP/1.1" 200 580
INFO 2024-11-01 14:36:43,237 basehttp "GET /accounts/userdata/ HTTP/1.1" 200 258
INFO 2024-11-01 14:36:43,242 basehttp "GET /api/v1/conversations/ HTTP/1.1" 200 580
INFO 2024-11-01 14:36:46,224 basehttp "GET /accounts/userdata/ HTTP/1.1" 200 258
INFO 2024-11-01 14:36:46,224 basehttp "GET /api/v1/conversations/ HTTP/1.1" 200 580
INFO 2024-11-01 14:37:44,332 basehttp "GET /accounts/userdata/ HTTP/1.1" 200 258
INFO 2024-11-01 14:37:44,333 basehttp "GET /api/v1/conversations/ HTTP/1.1" 200 580
INFO 2024-11-01 14:37:48,758 basehttp "GET /accounts/userdata/ HTTP/1.1" 200 258
INFO 2024-11-01 14:37:48,759 basehttp "GET /api/v1/conversations/ HTTP/1.1" 200 580
INFO 2024-11-01 14:37:49,981 basehttp "GET /accounts/userdata/ HTTP/1.1" 200 258
INFO 2024-11-01 14:37:49,981 basehttp "GET /api/v1/conversations/ HTTP/1.1" 200 580
INFO 2024-11-01 14:38:01,791 basehttp "GET /accounts/userdata/ HTTP/1.1" 200 258
INFO 2024-11-01 14:38:01,791 basehttp "GET /api/v1/conversations/ HTTP/1.1" 200 580
INFO 2024-11-01 14:38:08,951 basehttp "GET /accounts/userdata/ HTTP/1.1" 200 258
INFO 2024-11-01 14:38:08,958 basehttp "GET /api/v1/conversations/ HTTP/1.1" 200 580
INFO 2024-11-01 14:38:09,139 basehttp "GET /accounts/userdata/ HTTP/1.1" 200 258
INFO 2024-11-01 14:38:09,140 basehttp "GET /api/v1/conversations/ HTTP/1.1" 200 580
INFO 2024-11-01 14:38:14,260 basehttp "GET /api/v1/conversations/ HTTP/1.1" 200 580
INFO 2024-11-01 14:38:14,260 basehttp "GET /accounts/userdata/ HTTP/1.1" 200 258
INFO 2024-11-01 14:39:24,033 basehttp "GET /accounts/userdata/ HTTP/1.1" 200 258
INFO 2024-11-01 14:39:24,033 basehttp "GET /api/v1/conversations/ HTTP/1.1" 200 580
INFO 2024-11-01 14:39:26,651 basehttp "GET /api/v1/conversations/ HTTP/1.1" 200 580
INFO 2024-11-01 14:39:26,653 basehttp "GET /accounts/userdata/ HTTP/1.1" 200 258
INFO 2024-11-01 14:39:31,554 basehttp "GET /accounts/userdata/ HTTP/1.1" 200 258
INFO 2024-11-01 14:39:31,554 basehttp "GET /api/v1/conversations/ HTTP/1.1" 200 580
INFO 2024-11-01 14:39:32,670 basehttp "GET /api/v1/conversations/ HTTP/1.1" 200 580
INFO 2024-11-01 14:39:32,672 basehttp "GET /accounts/userdata/ HTTP/1.1" 200 258
INFO 2024-11-01 14:39:38,880 basehttp "GET /accounts/userdata/ HTTP/1.1" 200 258
INFO 2024-11-01 14:39:38,880 basehttp "GET /api/v1/conversations/ HTTP/1.1" 200 580
INFO 2024-11-01 14:39:47,166 basehttp "GET /accounts/userdata/ HTTP/1.1" 200 258
INFO 2024-11-01 14:39:47,166 basehttp "GET /api/v1/conversations/ HTTP/1.1" 200 580
INFO 2024-11-01 14:39:48,993 basehttp "GET /accounts/userdata/ HTTP/1.1" 200 258
INFO 2024-11-01 14:39:48,993 basehttp "GET /api/v1/conversations/ HTTP/1.1" 200 580
INFO 2024-11-01 14:40:08,273 basehttp "GET /api/v1/conversations/ HTTP/1.1" 200 580
INFO 2024-11-01 14:40:08,283 basehttp "GET /accounts/userdata/ HTTP/1.1" 200 258
INFO 2024-11-01 14:40:10,251 basehttp "GET /accounts/userdata/ HTTP/1.1" 200 258
INFO 2024-11-01 14:40:10,251 basehttp "GET /api/v1/conversations/ HTTP/1.1" 200 580
INFO 2024-11-01 14:40:24,177 basehttp "GET /accounts/userdata/ HTTP/1.1" 200 258
INFO 2024-11-01 14:40:24,177 basehttp "GET /api/v1/conversations/ HTTP/1.1" 200 580
INFO 2024-11-01 14:40:46,224 basehttp "GET /accounts/userdata/ HTTP/1.1" 200 258
INFO 2024-11-01 14:40:46,225 basehttp "GET /api/v1/conversations/ HTTP/1.1" 200 580
INFO 2024-11-01 14:40:48,599 basehttp "GET /accounts/userdata/ HTTP/1.1" 200 258
INFO 2024-11-01 14:40:48,599 basehttp "GET /api/v1/conversations/ HTTP/1.1" 200 580
INFO 2024-11-01 14:41:09,160 basehttp "GET /accounts/userdata/ HTTP/1.1" 200 258
INFO 2024-11-01 14:41:09,163 basehttp "GET /api/v1/conversations/ HTTP/1.1" 200 580
INFO 2024-11-01 14:41:10,782 basehttp "GET /accounts/userdata/ HTTP/1.1" 200 258
INFO 2024-11-01 14:41:10,784 basehttp "GET /api/v1/conversations/ HTTP/1.1" 200 580
WARNING 2024-11-01 14:53:18,058 basehttp "GET /accounts/userdata/ HTTP/1.1" 401 183
INFO 2024-11-01 14:53:18,084 basehttp "POST /api/token/refresh HTTP/1.1" 200 290
WARNING 2024-11-01 14:53:18,085 basehttp "GET /api/v1/conversations/ HTTP/1.1" 401 183
INFO 2024-11-01 14:53:18,158 basehttp "GET /accounts/userdata/ HTTP/1.1" 200 258
INFO 2024-11-01 14:53:18,451 basehttp "POST /api/token/refresh HTTP/1.1" 200 290
INFO 2024-11-01 14:53:18,477 basehttp "GET /api/v1/conversations/ HTTP/1.1" 200 580
INFO 2024-11-01 14:53:20,924 basehttp "GET /accounts/userdata/ HTTP/1.1" 200 258
INFO 2024-11-01 14:53:20,924 basehttp "GET /api/v1/conversations/ HTTP/1.1" 200 580
INFO 2024-11-01 14:57:08,168 basehttp "GET /accounts/userdata/ HTTP/1.1" 200 258
INFO 2024-11-01 14:57:08,168 basehttp "GET /api/v1/conversations/ HTTP/1.1" 200 580
INFO 2024-11-01 14:59:11,369 basehttp "GET /api/v1/conversations/ HTTP/1.1" 200 580
INFO 2024-11-01 14:59:11,369 basehttp "GET /accounts/userdata/ HTTP/1.1" 200 258
INFO 2024-11-01 15:07:25,000 basehttp "GET /api/v1/conversations/ HTTP/1.1" 200 580
INFO 2024-11-01 15:07:25,169 basehttp "GET /accounts/userdata/ HTTP/1.1" 200 258
WARNING 2024-11-01 15:08:25,093 basehttp "GET /accounts/userdata/ HTTP/1.1" 401 183
WARNING 2024-11-01 15:08:25,093 basehttp "GET /api/v1/conversations/ HTTP/1.1" 401 183
INFO 2024-11-01 15:08:25,162 basehttp "POST /api/token/refresh HTTP/1.1" 200 290
INFO 2024-11-01 15:08:25,164 basehttp "POST /api/token/refresh HTTP/1.1" 200 290
INFO 2024-11-01 15:08:25,182 basehttp "GET /accounts/userdata/ HTTP/1.1" 200 258
INFO 2024-11-01 15:08:25,194 basehttp "GET /api/v1/conversations/ HTTP/1.1" 200 580
INFO 2024-11-01 15:08:44,444 basehttp "GET /accounts/userdata/ HTTP/1.1" 200 258
INFO 2024-11-01 15:08:44,448 basehttp "GET /api/v1/conversations/ HTTP/1.1" 200 580
INFO 2024-11-01 15:08:47,062 basehttp "GET /api/v1/conversations/ HTTP/1.1" 200 580
INFO 2024-11-01 15:08:47,063 basehttp "GET /accounts/userdata/ HTTP/1.1" 200 258
INFO 2024-11-01 15:08:51,504 basehttp "GET /api/v1/conversations/ HTTP/1.1" 200 580
INFO 2024-11-01 15:08:51,505 basehttp "GET /accounts/userdata/ HTTP/1.1" 200 258
INFO 2024-11-01 15:08:53,331 basehttp "GET /accounts/userdata/ HTTP/1.1" 200 258
INFO 2024-11-01 15:08:53,331 basehttp "GET /api/v1/conversations/ HTTP/1.1" 200 580
INFO 2024-11-01 15:09:13,121 basehttp "GET /accounts/userdata/ HTTP/1.1" 200 258
INFO 2024-11-01 15:09:13,122 basehttp "GET /api/v1/conversations/ HTTP/1.1" 200 580
INFO 2024-11-01 15:09:20,417 basehttp "GET /accounts/userdata/ HTTP/1.1" 200 258
INFO 2024-11-01 15:09:20,421 basehttp "GET /api/v1/conversations/ HTTP/1.1" 200 580
INFO 2024-11-01 15:09:26,653 basehttp "GET /api/v1/conversations/ HTTP/1.1" 200 580
INFO 2024-11-01 15:09:26,660 basehttp "GET /accounts/userdata/ HTTP/1.1" 200 258
INFO 2024-11-01 15:09:32,039 basehttp "GET /accounts/userdata/ HTTP/1.1" 200 258
INFO 2024-11-01 15:09:32,040 basehttp "GET /api/v1/conversations/ HTTP/1.1" 200 580
INFO 2024-11-01 15:09:37,720 basehttp "GET /accounts/userdata/ HTTP/1.1" 200 258
INFO 2024-11-01 15:09:37,720 basehttp "GET /api/v1/conversations/ HTTP/1.1" 200 580
INFO 2024-11-01 15:09:44,627 basehttp "GET /accounts/userdata/ HTTP/1.1" 200 258
INFO 2024-11-01 15:09:44,666 basehttp "GET /api/v1/conversations/ HTTP/1.1" 200 580
INFO 2024-11-01 15:10:17,653 basehttp "GET /accounts/userdata/ HTTP/1.1" 200 258
INFO 2024-11-01 15:10:17,659 basehttp "GET /api/v1/conversations/ HTTP/1.1" 200 580
INFO 2024-11-01 15:10:26,115 basehttp "GET /api/v1/conversations/ HTTP/1.1" 200 580
INFO 2024-11-01 15:10:26,129 basehttp "GET /accounts/userdata/ HTTP/1.1" 200 258
INFO 2024-11-01 15:10:30,393 basehttp "GET /accounts/userdata/ HTTP/1.1" 200 258
INFO 2024-11-01 15:10:30,394 basehttp "GET /api/v1/conversations/ HTTP/1.1" 200 580
INFO 2024-11-01 15:10:32,159 basehttp "GET /api/v1/conversations/ HTTP/1.1" 200 580
INFO 2024-11-01 15:10:32,162 basehttp "GET /accounts/userdata/ HTTP/1.1" 200 258
INFO 2024-11-01 15:10:43,481 basehttp "GET /accounts/userdata/ HTTP/1.1" 200 258
INFO 2024-11-01 15:10:43,565 basehttp "GET /api/v1/conversations/ HTTP/1.1" 200 580
INFO 2024-11-01 15:10:49,779 basehttp "GET /accounts/userdata/ HTTP/1.1" 200 258
INFO 2024-11-01 15:10:49,779 basehttp "GET /api/v1/conversations/ HTTP/1.1" 200 580
INFO 2024-11-01 15:10:54,485 basehttp "GET /accounts/userdata/ HTTP/1.1" 200 258
INFO 2024-11-01 15:10:54,485 basehttp "GET /api/v1/conversations/ HTTP/1.1" 200 580
INFO 2024-11-01 15:10:59,331 basehttp "GET /accounts/userdata/ HTTP/1.1" 200 258
INFO 2024-11-01 15:10:59,332 basehttp "GET /api/v1/conversations/ HTTP/1.1" 200 580
INFO 2024-11-01 15:11:00,720 basehttp "GET /accounts/userdata/ HTTP/1.1" 200 258
INFO 2024-11-01 15:11:00,723 basehttp "GET /api/v1/conversations/ HTTP/1.1" 200 580
INFO 2024-11-01 15:11:03,888 basehttp "GET /accounts/userdata/ HTTP/1.1" 200 258
INFO 2024-11-01 15:11:03,889 basehttp "GET /api/v1/conversations/ HTTP/1.1" 200 580
INFO 2024-11-01 15:11:07,058 basehttp "GET /api/v1/conversations/ HTTP/1.1" 200 580
INFO 2024-11-01 15:11:07,058 basehttp "GET /accounts/userdata/ HTTP/1.1" 200 258
INFO 2024-11-01 15:11:18,781 basehttp "GET /accounts/userdata/ HTTP/1.1" 200 258
INFO 2024-11-01 15:11:18,781 basehttp "GET /api/v1/conversations/ HTTP/1.1" 200 580
INFO 2024-11-01 15:11:24,807 basehttp "GET /api/v1/conversations/ HTTP/1.1" 200 580
INFO 2024-11-01 15:11:24,815 basehttp "GET /accounts/userdata/ HTTP/1.1" 200 258
INFO 2024-11-01 15:11:33,128 basehttp "GET /accounts/userdata/ HTTP/1.1" 200 258
INFO 2024-11-01 15:11:33,129 basehttp "GET /api/v1/conversations/ HTTP/1.1" 200 580
INFO 2024-11-01 15:11:38,580 basehttp "GET /api/v1/conversations/ HTTP/1.1" 200 580
INFO 2024-11-01 15:11:38,581 basehttp "GET /accounts/userdata/ HTTP/1.1" 200 258
INFO 2024-11-01 15:12:28,646 basehttp "GET /accounts/userdata/ HTTP/1.1" 200 258
INFO 2024-11-01 15:12:28,655 basehttp "GET /api/v1/conversations/ HTTP/1.1" 200 580
INFO 2024-11-01 15:13:10,843 basehttp "GET /accounts/userdata/ HTTP/1.1" 200 258
INFO 2024-11-01 15:13:10,843 basehttp "GET /api/v1/conversations/ HTTP/1.1" 200 580
INFO 2024-11-01 15:13:27,316 basehttp "GET /accounts/userdata/ HTTP/1.1" 200 258
INFO 2024-11-01 15:13:27,316 basehttp "GET /api/v1/conversations/ HTTP/1.1" 200 580
INFO 2024-11-01 15:13:36,603 basehttp "GET /accounts/userdata/ HTTP/1.1" 200 258
INFO 2024-11-01 15:13:36,604 basehttp "GET /api/v1/conversations/ HTTP/1.1" 200 580
INFO 2024-11-01 15:13:47,221 basehttp "GET /api/v1/conversations/ HTTP/1.1" 200 580
INFO 2024-11-01 15:13:47,221 basehttp "GET /accounts/userdata/ HTTP/1.1" 200 258
INFO 2024-11-01 15:13:49,581 basehttp "GET /accounts/userdata/ HTTP/1.1" 200 258
INFO 2024-11-01 15:13:49,581 basehttp "GET /api/v1/conversations/ HTTP/1.1" 200 580
INFO 2024-11-01 15:13:52,147 basehttp "GET /accounts/userdata/ HTTP/1.1" 200 258
INFO 2024-11-01 15:13:52,149 basehttp "GET /api/v1/conversations/ HTTP/1.1" 200 580
INFO 2024-11-01 15:13:57,564 basehttp "GET /accounts/userdata/ HTTP/1.1" 200 258
INFO 2024-11-01 15:13:57,564 basehttp "GET /api/v1/conversations/ HTTP/1.1" 200 580
INFO 2024-11-01 15:14:05,408 basehttp "GET /accounts/userdata/ HTTP/1.1" 200 258
INFO 2024-11-01 15:14:05,409 basehttp "GET /api/v1/conversations/ HTTP/1.1" 200 580
INFO 2024-11-01 15:14:09,688 basehttp "GET /accounts/userdata/ HTTP/1.1" 200 258
INFO 2024-11-01 15:14:09,688 basehttp "GET /api/v1/conversations/ HTTP/1.1" 200 580
INFO 2024-11-01 15:14:12,232 basehttp "GET /accounts/userdata/ HTTP/1.1" 200 258
INFO 2024-11-01 15:14:12,232 basehttp "GET /api/v1/conversations/ HTTP/1.1" 200 580
INFO 2024-11-01 15:14:13,560 basehttp "GET /accounts/userdata/ HTTP/1.1" 200 258
INFO 2024-11-01 15:14:13,560 basehttp "GET /api/v1/conversations/ HTTP/1.1" 200 580
INFO 2024-11-01 15:14:15,044 basehttp "GET /accounts/userdata/ HTTP/1.1" 200 258
INFO 2024-11-01 15:14:15,045 basehttp "GET /api/v1/conversations/ HTTP/1.1" 200 580
INFO 2024-11-01 15:14:21,665 basehttp "GET /accounts/userdata/ HTTP/1.1" 200 258
INFO 2024-11-01 15:14:21,665 basehttp "GET /api/v1/conversations/ HTTP/1.1" 200 580
INFO 2024-11-01 15:14:23,753 basehttp "GET /accounts/userdata/ HTTP/1.1" 200 258
INFO 2024-11-01 15:14:23,754 basehttp "GET /api/v1/conversations/ HTTP/1.1" 200 580
INFO 2024-11-01 15:14:30,121 basehttp "GET /accounts/userdata/ HTTP/1.1" 200 258
INFO 2024-11-01 15:14:30,121 basehttp "GET /api/v1/conversations/ HTTP/1.1" 200 580
INFO 2024-11-01 15:14:32,498 basehttp "GET /accounts/userdata/ HTTP/1.1" 200 258
INFO 2024-11-01 15:14:32,498 basehttp "GET /api/v1/conversations/ HTTP/1.1" 200 580
INFO 2024-11-01 15:14:41,461 basehttp "GET /accounts/userdata/ HTTP/1.1" 200 258
INFO 2024-11-01 15:14:41,461 basehttp "GET /api/v1/conversations/ HTTP/1.1" 200 580
INFO 2024-11-01 15:14:42,912 basehttp "GET /accounts/userdata/ HTTP/1.1" 200 258
INFO 2024-11-01 15:14:42,915 basehttp "GET /api/v1/conversations/ HTTP/1.1" 200 580
INFO 2024-11-01 15:14:51,616 basehttp "GET /accounts/userdata/ HTTP/1.1" 200 258
INFO 2024-11-01 15:14:51,617 basehttp "GET /api/v1/conversations/ HTTP/1.1" 200 580
INFO 2024-11-01 15:14:53,478 basehttp "GET /accounts/userdata/ HTTP/1.1" 200 258
INFO 2024-11-01 15:14:53,479 basehttp "GET /api/v1/conversations/ HTTP/1.1" 200 580
INFO 2024-11-01 15:15:01,343 basehttp "GET /accounts/userdata/ HTTP/1.1" 200 258
INFO 2024-11-01 15:15:01,343 basehttp "GET /api/v1/conversations/ HTTP/1.1" 200 580
INFO 2024-11-01 15:15:45,865 basehttp "GET /accounts/userdata/ HTTP/1.1" 200 258
INFO 2024-11-01 15:15:45,874 basehttp "GET /api/v1/conversations/ HTTP/1.1" 200 580
INFO 2024-11-01 15:15:50,970 basehttp "GET /accounts/userdata/ HTTP/1.1" 200 258
INFO 2024-11-01 15:15:50,971 basehttp "GET /api/v1/conversations/ HTTP/1.1" 200 580
INFO 2024-11-01 15:15:56,727 basehttp "GET /api/v1/conversations/ HTTP/1.1" 200 580
INFO 2024-11-01 15:15:56,727 basehttp "GET /accounts/userdata/ HTTP/1.1" 200 258
INFO 2024-11-01 15:16:36,048 basehttp "GET /accounts/userdata/ HTTP/1.1" 200 258
INFO 2024-11-01 15:16:36,049 basehttp "GET /api/v1/conversations/ HTTP/1.1" 200 580
INFO 2024-11-01 15:16:38,710 basehttp "GET /accounts/userdata/ HTTP/1.1" 200 258
INFO 2024-11-01 15:16:38,711 basehttp "GET /api/v1/conversations/ HTTP/1.1" 200 580
INFO 2024-11-01 15:17:23,288 basehttp "GET /accounts/userdata/ HTTP/1.1" 200 258
INFO 2024-11-01 15:17:23,288 basehttp "GET /api/v1/conversations/ HTTP/1.1" 200 580
INFO 2024-11-01 15:18:15,151 basehttp "GET /api/v1/conversations/ HTTP/1.1" 200 580
INFO 2024-11-01 15:18:15,151 basehttp "GET /accounts/userdata/ HTTP/1.1" 200 258
INFO 2024-11-01 15:18:16,800 basehttp "GET /api/v1/conversations/ HTTP/1.1" 200 580
INFO 2024-11-01 15:18:16,800 basehttp "GET /accounts/userdata/ HTTP/1.1" 200 258
INFO 2024-11-01 15:18:21,223 basehttp "GET /accounts/userdata/ HTTP/1.1" 200 258
INFO 2024-11-01 15:18:21,225 basehttp "GET /api/v1/conversations/ HTTP/1.1" 200 580
INFO 2024-11-01 15:18:24,380 basehttp "GET /accounts/userdata/ HTTP/1.1" 200 258
INFO 2024-11-01 15:18:24,380 basehttp "GET /api/v1/conversations/ HTTP/1.1" 200 580
INFO 2024-11-01 15:18:34,783 basehttp "GET /accounts/userdata/ HTTP/1.1" 200 258
INFO 2024-11-01 15:18:34,792 basehttp "GET /api/v1/conversations/ HTTP/1.1" 200 580
INFO 2024-11-01 15:18:36,718 basehttp "GET /accounts/userdata/ HTTP/1.1" 200 258
INFO 2024-11-01 15:18:36,719 basehttp "GET /api/v1/conversations/ HTTP/1.1" 200 580
INFO 2024-11-01 15:18:42,506 basehttp "GET /accounts/userdata/ HTTP/1.1" 200 258
INFO 2024-11-01 15:18:42,506 basehttp "GET /api/v1/conversations/ HTTP/1.1" 200 580
INFO 2024-11-01 15:18:47,538 basehttp "GET /accounts/userdata/ HTTP/1.1" 200 258
INFO 2024-11-01 15:18:47,540 basehttp "GET /api/v1/conversations/ HTTP/1.1" 200 580
INFO 2024-11-01 15:18:53,567 basehttp "GET /accounts/userdata/ HTTP/1.1" 200 258
INFO 2024-11-01 15:18:53,567 basehttp "GET /api/v1/conversations/ HTTP/1.1" 200 580
INFO 2024-11-01 15:20:30,129 basehttp "GET /accounts/userdata/ HTTP/1.1" 200 258
INFO 2024-11-01 15:20:30,130 basehttp "GET /api/v1/conversations/ HTTP/1.1" 200 580
INFO 2024-11-01 15:20:34,031 basehttp "GET /accounts/userdata/ HTTP/1.1" 200 258
INFO 2024-11-01 15:20:34,033 basehttp "GET /api/v1/conversations/ HTTP/1.1" 200 580
INFO 2024-11-01 15:21:30,822 basehttp "GET /accounts/userdata/ HTTP/1.1" 200 258
INFO 2024-11-01 15:21:30,830 basehttp "GET /api/v1/conversations/ HTTP/1.1" 200 580
INFO 2024-11-01 15:21:58,816 basehttp "GET /accounts/userdata/ HTTP/1.1" 200 258
INFO 2024-11-01 15:21:58,816 basehttp "GET /api/v1/conversations/ HTTP/1.1" 200 580
INFO 2024-11-01 15:22:06,860 basehttp "GET /accounts/userdata/ HTTP/1.1" 200 258
INFO 2024-11-01 15:22:06,860 basehttp "GET /api/v1/conversations/ HTTP/1.1" 200 580
INFO 2024-11-01 15:22:28,568 basehttp "GET /accounts/userdata/ HTTP/1.1" 200 258
INFO 2024-11-01 15:22:28,569 basehttp "GET /api/v1/conversations/ HTTP/1.1" 200 580
INFO 2024-11-01 15:22:32,945 basehttp "GET /accounts/userdata/ HTTP/1.1" 200 258
INFO 2024-11-01 15:22:32,946 basehttp "GET /api/v1/conversations/ HTTP/1.1" 200 580
INFO 2024-11-01 15:22:48,181 basehttp "GET /accounts/userdata/ HTTP/1.1" 200 258
INFO 2024-11-01 15:22:48,182 basehttp "GET /api/v1/conversations/ HTTP/1.1" 200 580
INFO 2024-11-01 15:23:18,589 basehttp "GET /accounts/userdata/ HTTP/1.1" 200 258
INFO 2024-11-01 15:23:18,590 basehttp "GET /api/v1/conversations/ HTTP/1.1" 200 580
WARNING 2024-11-01 15:23:26,629 basehttp "GET /api/v1/conversations/ HTTP/1.1" 401 183
WARNING 2024-11-01 15:23:26,629 basehttp "GET /accounts/userdata/ HTTP/1.1" 401 183
INFO 2024-11-01 15:23:26,642 basehttp "POST /api/token/refresh HTTP/1.1" 200 290
INFO 2024-11-01 15:23:26,642 basehttp "POST /api/token/refresh HTTP/1.1" 200 290
INFO 2024-11-01 15:23:26,656 basehttp "GET /accounts/userdata/ HTTP/1.1" 200 258
INFO 2024-11-01 15:23:26,656 basehttp "GET /api/v1/conversations/ HTTP/1.1" 200 580
INFO 2024-11-01 15:23:27,770 basehttp "GET /api/v1/conversations/ HTTP/1.1" 200 580
INFO 2024-11-01 15:23:27,770 basehttp "GET /accounts/userdata/ HTTP/1.1" 200 258
INFO 2024-11-01 15:23:32,054 basehttp "GET /accounts/userdata/ HTTP/1.1" 200 258
INFO 2024-11-01 15:23:32,060 basehttp "GET /api/v1/conversations/ HTTP/1.1" 200 580
INFO 2024-11-01 15:23:33,907 basehttp "GET /api/v1/conversations/ HTTP/1.1" 200 580
INFO 2024-11-01 15:23:33,907 basehttp "GET /accounts/userdata/ HTTP/1.1" 200 258
INFO 2024-11-01 15:24:01,890 basehttp "GET /accounts/userdata/ HTTP/1.1" 200 258
INFO 2024-11-01 15:24:01,892 basehttp "GET /api/v1/conversations/ HTTP/1.1" 200 580
INFO 2024-11-01 15:24:05,565 basehttp "GET /accounts/userdata/ HTTP/1.1" 200 258
INFO 2024-11-01 15:24:05,566 basehttp "GET /api/v1/conversations/ HTTP/1.1" 200 580
INFO 2024-11-01 15:25:15,995 basehttp "GET /accounts/userdata/ HTTP/1.1" 200 258
INFO 2024-11-01 15:25:15,995 basehttp "GET /api/v1/conversations/ HTTP/1.1" 200 580
INFO 2024-11-01 15:25:21,428 basehttp "GET /accounts/userdata/ HTTP/1.1" 200 258
INFO 2024-11-01 15:25:21,428 basehttp "GET /api/v1/conversations/ HTTP/1.1" 200 580
INFO 2024-11-01 15:25:23,454 basehttp "GET /accounts/userdata/ HTTP/1.1" 200 258
INFO 2024-11-01 15:25:23,454 basehttp "GET /api/v1/conversations/ HTTP/1.1" 200 580
INFO 2024-11-01 15:25:25,930 basehttp "GET /accounts/userdata/ HTTP/1.1" 200 258
INFO 2024-11-01 15:25:25,930 basehttp "GET /api/v1/conversations/ HTTP/1.1" 200 580
INFO 2024-11-01 15:25:28,635 basehttp "GET /accounts/userdata/ HTTP/1.1" 200 258
INFO 2024-11-01 15:25:28,636 basehttp "GET /api/v1/conversations/ HTTP/1.1" 200 580
INFO 2024-11-01 15:25:31,518 basehttp "GET /accounts/userdata/ HTTP/1.1" 200 258
INFO 2024-11-01 15:25:31,518 basehttp "GET /api/v1/conversations/ HTTP/1.1" 200 580
INFO 2024-11-01 15:25:38,751 basehttp "GET /accounts/userdata/ HTTP/1.1" 200 258
INFO 2024-11-01 15:25:38,754 basehttp "GET /api/v1/conversations/ HTTP/1.1" 200 580
INFO 2024-11-01 15:26:37,316 basehttp "GET /accounts/userdata/ HTTP/1.1" 200 258
INFO 2024-11-01 15:26:37,316 basehttp "GET /api/v1/conversations/ HTTP/1.1" 200 580
INFO 2024-11-01 15:26:37,538 basehttp "GET /accounts/userdata/ HTTP/1.1" 200 258
INFO 2024-11-01 15:26:37,546 basehttp "GET /api/v1/conversations/ HTTP/1.1" 200 580
INFO 2024-11-01 15:26:40,250 basehttp "GET /accounts/userdata/ HTTP/1.1" 200 258
INFO 2024-11-01 15:26:40,251 basehttp "GET /api/v1/conversations/ HTTP/1.1" 200 580
INFO 2024-11-01 15:26:53,846 basehttp "GET /accounts/userdata/ HTTP/1.1" 200 258
INFO 2024-11-01 15:26:53,851 basehttp "GET /api/v1/conversations/ HTTP/1.1" 200 580
INFO 2024-11-01 15:27:00,853 basehttp "GET /accounts/userdata/ HTTP/1.1" 200 258
INFO 2024-11-01 15:27:00,853 basehttp "GET /api/v1/conversations/ HTTP/1.1" 200 580
INFO 2024-11-01 15:27:18,842 basehttp "GET /accounts/userdata/ HTTP/1.1" 200 258
INFO 2024-11-01 15:27:18,849 basehttp "GET /api/v1/conversations/ HTTP/1.1" 200 580
INFO 2024-11-01 15:27:19,612 basehttp "GET /accounts/userdata/ HTTP/1.1" 200 258
INFO 2024-11-01 15:27:19,613 basehttp "GET /api/v1/conversations/ HTTP/1.1" 200 580
INFO 2024-11-01 15:27:24,500 basehttp "GET /accounts/userdata/ HTTP/1.1" 200 258
INFO 2024-11-01 15:27:24,500 basehttp "GET /api/v1/conversations/ HTTP/1.1" 200 580
INFO 2024-11-01 15:27:26,242 basehttp "GET /accounts/userdata/ HTTP/1.1" 200 258
INFO 2024-11-01 15:27:26,242 basehttp "GET /api/v1/conversations/ HTTP/1.1" 200 580
INFO 2024-11-01 15:27:33,571 basehttp "GET /accounts/userdata/ HTTP/1.1" 200 258
INFO 2024-11-01 15:27:33,572 basehttp "GET /api/v1/conversations/ HTTP/1.1" 200 580
INFO 2024-11-01 15:27:36,286 basehttp "GET /accounts/userdata/ HTTP/1.1" 200 258
INFO 2024-11-01 15:27:36,286 basehttp "GET /api/v1/conversations/ HTTP/1.1" 200 580
INFO 2024-11-01 15:27:38,793 basehttp "GET /api/v1/conversations/ HTTP/1.1" 200 580
INFO 2024-11-01 15:27:38,795 basehttp "GET /accounts/userdata/ HTTP/1.1" 200 258
INFO 2024-11-01 15:27:50,683 basehttp "GET /accounts/userdata/ HTTP/1.1" 200 258
INFO 2024-11-01 15:27:50,683 basehttp "GET /api/v1/conversations/ HTTP/1.1" 200 580
INFO 2024-11-01 15:27:54,921 basehttp "GET /accounts/userdata/ HTTP/1.1" 200 258
INFO 2024-11-01 15:27:54,922 basehttp "GET /api/v1/conversations/ HTTP/1.1" 200 580
INFO 2024-11-01 15:27:58,414 basehttp "GET /accounts/userdata/ HTTP/1.1" 200 258
INFO 2024-11-01 15:27:58,414 basehttp "GET /api/v1/conversations/ HTTP/1.1" 200 580
INFO 2024-11-01 15:28:05,493 basehttp "GET /accounts/userdata/ HTTP/1.1" 200 258
INFO 2024-11-01 15:28:05,493 basehttp "GET /api/v1/conversations/ HTTP/1.1" 200 580
INFO 2024-11-01 15:28:05,557 basehttp "GET /accounts/userdata/ HTTP/1.1" 200 258
INFO 2024-11-01 15:28:05,558 basehttp "GET /api/v1/conversations/ HTTP/1.1" 200 580
INFO 2024-11-01 15:28:08,028 basehttp "GET /accounts/userdata/ HTTP/1.1" 200 258
INFO 2024-11-01 15:28:08,028 basehttp "GET /api/v1/conversations/ HTTP/1.1" 200 580
INFO 2024-11-01 15:28:10,417 basehttp "GET /accounts/userdata/ HTTP/1.1" 200 258
INFO 2024-11-01 15:28:10,418 basehttp "GET /api/v1/conversations/ HTTP/1.1" 200 580
INFO 2024-11-01 15:28:16,092 basehttp "GET /accounts/userdata/ HTTP/1.1" 200 258
INFO 2024-11-01 15:28:16,092 basehttp "GET /api/v1/conversations/ HTTP/1.1" 200 580
INFO 2024-11-01 15:28:55,294 basehttp "POST /api/v1/conversations/ HTTP/1.1" 201 327
INFO 2024-11-01 15:29:29,075 basehttp "GET /accounts/userdata/ HTTP/1.1" 200 258
INFO 2024-11-01 15:29:29,075 basehttp "GET /api/v1/conversations/ HTTP/1.1" 200 674
INFO 2024-11-01 15:29:29,864 basehttp "GET /accounts/userdata/ HTTP/1.1" 200 258
INFO 2024-11-01 15:29:29,865 basehttp "GET /api/v1/conversations/ HTTP/1.1" 200 674
INFO 2024-11-01 15:29:51,685 basehttp "GET /accounts/userdata/ HTTP/1.1" 200 258
INFO 2024-11-01 15:29:51,687 basehttp "GET /api/v1/conversations/ HTTP/1.1" 200 674
INFO 2024-11-01 15:29:55,794 basehttp "GET /accounts/userdata/ HTTP/1.1" 200 258
INFO 2024-11-01 15:29:55,794 basehttp "GET /api/v1/conversations/ HTTP/1.1" 200 674
INFO 2024-11-01 15:29:59,247 basehttp "GET /accounts/userdata/ HTTP/1.1" 200 258
INFO 2024-11-01 15:29:59,249 basehttp "GET /api/v1/conversations/ HTTP/1.1" 200 674
INFO 2024-11-01 15:30:02,799 basehttp "GET /accounts/userdata/ HTTP/1.1" 200 258
INFO 2024-11-01 15:30:02,809 basehttp "GET /api/v1/conversations/ HTTP/1.1" 200 674
INFO 2024-11-01 15:30:41,363 basehttp "GET /accounts/userdata/ HTTP/1.1" 200 258
INFO 2024-11-01 15:30:41,364 basehttp "GET /api/v1/conversations/ HTTP/1.1" 200 674
INFO 2024-11-01 15:30:55,860 basehttp "POST /api/v1/conversations/ HTTP/1.1" 201 388
WARNING 2024-11-01 15:31:05,653 basehttp "GET /accounts/userdata/ HTTP/1.1" 401 183
WARNING 2024-11-01 15:31:05,653 basehttp "GET /api/v1/conversations/ HTTP/1.1" 401 183
INFO 2024-11-01 15:31:05,844 basehttp "POST /api/token/refresh HTTP/1.1" 200 290
INFO 2024-11-01 15:31:05,845 basehttp "POST /api/token/refresh HTTP/1.1" 200 290
INFO 2024-11-01 15:31:05,879 basehttp "GET /accounts/userdata/ HTTP/1.1" 200 258
INFO 2024-11-01 15:31:05,879 basehttp "GET /api/v1/conversations/ HTTP/1.1" 200 770
INFO 2024-11-01 15:31:07,103 basehttp "GET /accounts/userdata/ HTTP/1.1" 200 258
INFO 2024-11-01 15:31:07,105 basehttp "GET /api/v1/conversations/ HTTP/1.1" 200 770
INFO 2024-11-01 15:31:11,729 basehttp "OPTIONS /api/v1/conversations/?uuid=ddce850f-b40a-4c3e-81fc-ebe2c39842af HTTP/1.1" 200 0
INFO 2024-11-01 15:31:11,740 basehttp "GET /api/v1/conversations/?uuid=ddce850f-b40a-4c3e-81fc-ebe2c39842af HTTP/1.1" 200 327
INFO 2024-11-01 15:31:12,599 basehttp "OPTIONS /api/v1/conversations/?uuid=e15eff5d-1ea3-4aa2-a3dc-11ad0fb2d371 HTTP/1.1" 200 0
INFO 2024-11-01 15:31:12,606 basehttp "GET /api/v1/conversations/?uuid=e15eff5d-1ea3-4aa2-a3dc-11ad0fb2d371 HTTP/1.1" 200 388
INFO 2024-11-01 15:31:13,203 basehttp "GET /api/v1/conversations/?uuid=1d3b5d60-d230-435d-80fe-eb9aaaa84dd7 HTTP/1.1" 200 12439
INFO 2024-11-01 15:31:15,546 basehttp "GET /accounts/userdata/ HTTP/1.1" 200 258
INFO 2024-11-01 15:31:15,547 basehttp "GET /api/v1/conversations/ HTTP/1.1" 200 770
INFO 2024-11-01 15:31:23,501 basehttp "GET /api/v1/conversations/?uuid=1d3b5d60-d230-435d-80fe-eb9aaaa84dd7 HTTP/1.1" 200 12439
INFO 2024-11-01 15:31:32,560 basehttp "POST /api/v1/conversations/ HTTP/1.1" 201 330
INFO 2024-11-01 15:31:42,369 basehttp "PUT /api/v1/conversations/ HTTP/1.1" 200 582
INFO 2024-11-01 15:31:49,096 basehttp "GET /accounts/userdata/ HTTP/1.1" 200 258
INFO 2024-11-01 15:31:49,127 basehttp "GET /api/v1/conversations/ HTTP/1.1" 200 859
INFO 2024-11-01 15:32:24,602 basehttp "PUT /api/v1/conversations/ HTTP/1.1" 200 978
INFO 2024-11-01 15:32:31,091 basehttp "PUT /api/v1/conversations/ HTTP/1.1" 200 1447
INFO 2024-11-01 15:32:32,339 basehttp "GET /accounts/userdata/ HTTP/1.1" 200 258
INFO 2024-11-01 15:32:32,339 basehttp "GET /api/v1/conversations/ HTTP/1.1" 200 859
INFO 2024-11-01 15:32:56,446 basehttp "GET /accounts/userdata/ HTTP/1.1" 200 258
INFO 2024-11-01 15:32:56,447 basehttp "GET /api/v1/conversations/ HTTP/1.1" 200 859
INFO 2024-11-01 15:32:57,701 basehttp "GET /accounts/userdata/ HTTP/1.1" 200 258
INFO 2024-11-01 15:32:57,720 basehttp "GET /api/v1/conversations/ HTTP/1.1" 200 859
INFO 2024-11-01 15:33:12,039 basehttp "GET /accounts/userdata/ HTTP/1.1" 200 258
INFO 2024-11-01 15:33:12,040 basehttp "GET /api/v1/conversations/ HTTP/1.1" 200 859
INFO 2024-11-01 15:33:12,441 basehttp "GET /accounts/userdata/ HTTP/1.1" 200 258
INFO 2024-11-01 15:33:12,441 basehttp "GET /api/v1/conversations/ HTTP/1.1" 200 859
INFO 2024-11-01 15:33:23,618 basehttp "PUT /api/v1/conversations/ HTTP/1.1" 200 2068
INFO 2024-11-01 15:33:36,299 basehttp "GET /accounts/userdata/ HTTP/1.1" 200 258
INFO 2024-11-01 15:33:36,300 basehttp "GET /api/v1/conversations/ HTTP/1.1" 200 859
INFO 2024-11-01 15:34:23,224 basehttp "GET /accounts/userdata/ HTTP/1.1" 200 258
INFO 2024-11-01 15:34:23,228 basehttp "GET /api/v1/conversations/ HTTP/1.1" 200 859
INFO 2024-11-01 15:34:53,412 basehttp "GET /accounts/userdata/ HTTP/1.1" 200 258
INFO 2024-11-01 15:34:53,412 basehttp "GET /api/v1/conversations/ HTTP/1.1" 200 859
INFO 2024-11-01 15:34:54,092 basehttp "GET /accounts/userdata/ HTTP/1.1" 200 258
INFO 2024-11-01 15:34:54,092 basehttp "GET /api/v1/conversations/ HTTP/1.1" 200 859
INFO 2024-11-01 15:34:57,078 basehttp "GET /api/v1/conversations/ HTTP/1.1" 200 859
INFO 2024-11-01 15:34:57,079 basehttp "GET /accounts/userdata/ HTTP/1.1" 200 258
INFO 2024-11-01 15:34:57,185 basehttp "GET /accounts/userdata/ HTTP/1.1" 200 258
INFO 2024-11-01 15:34:57,186 basehttp "GET /api/v1/conversations/ HTTP/1.1" 200 859
INFO 2024-11-01 15:35:01,252 basehttp "GET /accounts/userdata/ HTTP/1.1" 200 258
INFO 2024-11-01 15:35:01,252 basehttp "GET /api/v1/conversations/ HTTP/1.1" 200 859
INFO 2024-11-01 15:35:02,256 basehttp "GET /accounts/userdata/ HTTP/1.1" 200 258
INFO 2024-11-01 15:35:02,257 basehttp "GET /api/v1/conversations/ HTTP/1.1" 200 859
INFO 2024-11-01 15:35:03,682 basehttp "GET /api/v1/conversations/ HTTP/1.1" 200 859
INFO 2024-11-01 15:35:03,682 basehttp "GET /accounts/userdata/ HTTP/1.1" 200 258
INFO 2024-11-01 15:35:04,563 basehttp "GET /accounts/userdata/ HTTP/1.1" 200 258
INFO 2024-11-01 15:35:04,563 basehttp "GET /api/v1/conversations/ HTTP/1.1" 200 859
INFO 2024-11-01 15:35:07,152 basehttp "GET /accounts/userdata/ HTTP/1.1" 200 258
INFO 2024-11-01 15:35:07,152 basehttp "GET /api/v1/conversations/ HTTP/1.1" 200 859
INFO 2024-11-01 15:35:07,931 basehttp "GET /accounts/userdata/ HTTP/1.1" 200 258
INFO 2024-11-01 15:35:07,932 basehttp "GET /api/v1/conversations/ HTTP/1.1" 200 859
INFO 2024-11-01 15:35:10,752 basehttp "GET /accounts/userdata/ HTTP/1.1" 200 258
INFO 2024-11-01 15:35:10,752 basehttp "GET /api/v1/conversations/ HTTP/1.1" 200 859
INFO 2024-11-01 15:35:21,922 basehttp "PUT /api/v1/conversations/ HTTP/1.1" 200 2843
INFO 2024-11-01 15:35:31,331 basehttp "PUT /api/v1/conversations/ HTTP/1.1" 200 3726
INFO 2024-11-01 15:35:39,277 basehttp "PUT /api/v1/conversations/ HTTP/1.1" 200 4705
INFO 2024-11-01 15:35:46,253 basehttp "PUT /api/v1/conversations/ HTTP/1.1" 200 5764
INFO 2024-11-01 15:35:47,281 basehttp "GET /accounts/userdata/ HTTP/1.1" 200 258
INFO 2024-11-01 15:35:47,281 basehttp "GET /api/v1/conversations/ HTTP/1.1" 200 859
WARNING 2024-11-01 15:38:26,519 basehttp "GET /accounts/userdata/ HTTP/1.1" 401 183
WARNING 2024-11-01 15:38:26,520 basehttp "GET /api/v1/conversations/ HTTP/1.1" 401 183
INFO 2024-11-01 15:38:26,818 basehttp "POST /api/token/refresh HTTP/1.1" 200 290
INFO 2024-11-01 15:38:26,823 basehttp "POST /api/token/refresh HTTP/1.1" 200 290
INFO 2024-11-01 15:38:26,841 basehttp "GET /accounts/userdata/ HTTP/1.1" 200 258
INFO 2024-11-01 15:38:26,848 basehttp "GET /api/v1/conversations/ HTTP/1.1" 200 859
INFO 2024-11-01 15:39:29,473 basehttp "GET /accounts/userdata/ HTTP/1.1" 200 258
INFO 2024-11-01 15:39:29,475 basehttp "GET /api/v1/conversations/ HTTP/1.1" 200 859
INFO 2024-11-01 15:39:29,509 basehttp "GET /accounts/userdata/ HTTP/1.1" 200 258
INFO 2024-11-01 15:39:29,510 basehttp "GET /api/v1/conversations/ HTTP/1.1" 200 859
INFO 2024-11-01 15:39:54,336 basehttp "GET /accounts/userdata/ HTTP/1.1" 200 258
INFO 2024-11-01 15:39:54,337 basehttp "GET /api/v1/conversations/ HTTP/1.1" 200 859
INFO 2024-11-01 15:39:54,521 basehttp "GET /accounts/userdata/ HTTP/1.1" 200 258
INFO 2024-11-01 15:39:54,522 basehttp "GET /api/v1/conversations/ HTTP/1.1" 200 859
INFO 2024-11-01 15:40:52,765 basehttp "GET /accounts/userdata/ HTTP/1.1" 200 258
INFO 2024-11-01 15:40:52,765 basehttp "GET /api/v1/conversations/ HTTP/1.1" 200 859
INFO 2024-11-01 15:40:53,341 basehttp "GET /accounts/userdata/ HTTP/1.1" 200 258
INFO 2024-11-01 15:40:53,342 basehttp "GET /api/v1/conversations/ HTTP/1.1" 200 859
INFO 2024-11-01 15:44:52,056 basehttp "GET /accounts/userdata/ HTTP/1.1" 200 258
INFO 2024-11-01 15:44:52,057 basehttp "GET /api/v1/conversations/ HTTP/1.1" 200 859
