WARNING 2024-11-01 10:43:16,462 log Not Found: /accounts/userdata
WARNING 2024-11-01 10:43:32,292 log Not Found: /accounts/userdata
WARNING 2024-11-01 10:43:48,429 log Not Found: /accounts/userdata
WARNING 2024-11-01 10:43:56,827 log Not Found: /accounts/userdata
WARNING 2024-11-01 10:43:58,611 log Not Found: /accounts/userdata
WARNING 2024-11-01 10:44:34,492 log Not Found: /accounts/userdata
WARNING 2024-11-01 10:44:36,830 log Not Found: /accounts/userdata
WARNING 2024-11-01 10:44:47,255 log Not Found: /accounts/userdata
WARNING 2024-11-01 10:44:54,504 log Not Found: /accounts/userdata
WARNING 2024-11-01 10:45:17,123 log Not Found: /accounts/userdata
WARNING 2024-11-01 10:45:21,941 log Not Found: /accounts/userdata
WARNING 2024-11-01 10:45:25,014 log Not Found: /accounts/userdata
WARNING 2024-11-01 10:45:28,644 log Not Found: /accounts/userdata
WARNING 2024-11-01 10:45:39,076 log Not Found: /accounts/userdata
WARNING 2024-11-01 10:45:40,390 log Not Found: /accounts/userdata
WARNING 2024-11-01 10:45:44,025 log Not Found: /accounts/userdata
WARNING 2024-11-01 10:45:45,898 log Not Found: /accounts/userdata
WARNING 2024-11-01 10:45:47,884 log Not Found: /accounts/userdata
WARNING 2024-11-01 10:45:55,527 log Not Found: /accounts/userdata
WARNING 2024-11-01 10:48:05,997 log Not Found: /accounts/userdata
WARNING 2024-11-01 10:49:21,790 log Not Found: /accounts/userdata
WARNING 2024-11-01 10:50:07,993 log Not Found: /accounts/userdata
WARNING 2024-11-01 10:50:54,558 log Not Found: /accounts/userdata
WARNING 2024-11-01 10:51:05,993 log Not Found: /accounts/userdata
WARNING 2024-11-01 10:51:08,196 log Not Found: /accounts/userdata
WARNING 2024-11-01 10:51:21,667 log Not Found: /accounts/userdata
WARNING 2024-11-01 10:51:27,178 log Not Found: /accounts/userdata
WARNING 2024-11-01 10:51:31,171 log Not Found: /accounts/userdata
WARNING 2024-11-01 10:51:50,297 log Not Found: /accounts/userdata
WARNING 2024-11-01 10:52:36,071 log Not Found: /accounts/userdata
WARNING 2024-11-01 10:52:59,169 log Not Found: /accounts/userdata
WARNING 2024-11-01 10:53:00,526 log Not Found: /accounts/userdata
WARNING 2024-11-01 11:01:59,614 log Unauthorized: /api/v1/conversations/
WARNING 2024-11-01 11:02:40,515 log Unauthorized: /accounts/userdata/
WARNING 2024-11-01 11:02:40,517 log Unauthorized: /api/v1/conversations/
WARNING 2024-11-01 11:17:50,970 log Unauthorized: /accounts/userdata/
WARNING 2024-11-01 11:17:50,972 log Unauthorized: /api/v1/conversations/
WARNING 2024-11-01 11:45:36,390 log Unauthorized: /accounts/userdata/
WARNING 2024-11-01 11:45:36,391 log Unauthorized: /api/v1/conversations/
WARNING 2024-11-01 12:05:22,328 log Unauthorized: /accounts/userdata/
WARNING 2024-11-01 12:05:22,330 log Unauthorized: /api/v1/conversations/
WARNING 2024-11-01 12:27:58,791 log Unauthorized: /api/v1/conversations/
WARNING 2024-11-01 14:00:07,362 log Unauthorized: /api/v1/conversations/
WARNING 2024-11-01 14:00:07,363 log Unauthorized: /accounts/userdata/
WARNING 2024-11-01 14:15:29,174 log Unauthorized: /accounts/userdata/
WARNING 2024-11-01 14:15:29,175 log Unauthorized: /api/v1/conversations/
WARNING 2024-11-01 14:31:08,769 log Unauthorized: /accounts/userdata/
WARNING 2024-11-01 14:31:08,770 log Unauthorized: /api/v1/conversations/
WARNING 2024-11-01 14:53:18,056 log Unauthorized: /accounts/userdata/
WARNING 2024-11-01 14:53:18,082 log Unauthorized: /api/v1/conversations/
WARNING 2024-11-01 15:08:25,093 log Unauthorized: /accounts/userdata/
WARNING 2024-11-01 15:08:25,093 log Unauthorized: /api/v1/conversations/
WARNING 2024-11-01 15:23:26,628 log Unauthorized: /accounts/userdata/
WARNING 2024-11-01 15:23:26,629 log Unauthorized: /api/v1/conversations/
WARNING 2024-11-01 15:31:05,651 log Unauthorized: /accounts/userdata/
WARNING 2024-11-01 15:31:05,652 log Unauthorized: /api/v1/conversations/
WARNING 2024-11-01 15:38:26,519 log Unauthorized: /accounts/userdata/
WARNING 2024-11-01 15:38:26,519 log Unauthorized: /api/v1/conversations/
WARNING 2024-11-01 15:46:09,525 log Unauthorized: /api/v1/conversations/
WARNING 2024-11-01 15:46:09,527 log Unauthorized: /accounts/userdata/
WARNING 2024-11-01 16:12:28,388 log Unauthorized: /api/v1/conversations/
WARNING 2024-11-01 16:12:28,390 log Unauthorized: /accounts/userdata/
WARNING 2024-11-01 16:28:13,944 log Unauthorized: /accounts/userdata/
WARNING 2024-11-01 16:28:13,945 log Unauthorized: /api/v1/conversations/
WARNING 2024-11-01 16:28:14,279 log Unauthorized: /accounts/userdata/
WARNING 2024-11-01 16:28:14,280 log Unauthorized: /api/v1/conversations/
WARNING 2024-11-01 16:28:28,214 log Unauthorized: /accounts/userdata/
WARNING 2024-11-01 16:28:28,222 log Unauthorized: /api/v1/conversations/
WARNING 2024-11-01 16:28:28,393 log Unauthorized: /accounts/userdata/
WARNING 2024-11-01 16:28:28,394 log Unauthorized: /api/v1/conversations/
WARNING 2024-11-01 16:44:18,432 log Unauthorized: /accounts/userdata/
WARNING 2024-11-01 16:44:18,432 log Unauthorized: /api/v1/conversations/
WARNING 2024-11-01 16:57:35,956 log Unauthorized: /accounts/userdata/
WARNING 2024-11-01 16:57:35,957 log Unauthorized: /api/v1/conversations/
WARNING 2024-11-01 17:00:24,023 log Unauthorized: /api/v1/conversations/
WARNING 2024-11-01 17:00:24,024 log Unauthorized: /accounts/userdata/
WARNING 2024-11-01 17:13:06,022 log Unauthorized: /api/v1/conversations/
WARNING 2024-11-01 17:13:06,023 log Unauthorized: /accounts/userdata/
WARNING 2024-11-01 17:30:59,849 log Unauthorized: /accounts/userdata/
WARNING 2024-11-01 17:30:59,850 log Unauthorized: /api/v1/conversations/
WARNING 2024-11-02 09:42:26,496 log Bad Request: /api/token
WARNING 2024-11-02 09:43:42,436 log Not Found: /api/token
WARNING 2024-11-02 09:56:22,212 log Unauthorized: /api/token
